[2025-05-28 16:41:45Z INFO HostContext] No proxy settings were found based on environmental variables (http_proxy/https_proxy/HTTP_PROXY/HTTPS_PROXY)
[2025-05-28 16:41:45Z INFO HostContext] Well known directory 'Bin': '/Users/admin/Documents/Project/cicdpipeline/code/actions-runner/bin'
[2025-05-28 16:41:45Z INFO HostContext] Well known directory 'Root': '/Users/admin/Documents/Project/cicdpipeline/code/actions-runner'
[2025-05-28 16:41:45Z INFO HostContext] Well known config file 'Credentials': '/Users/admin/Documents/Project/cicdpipeline/code/actions-runner/.credentials'
[2025-05-28 16:41:45Z INFO HostContext] Well known directory 'Bin': '/Users/admin/Documents/Project/cicdpipeline/code/actions-runner/bin'
[2025-05-28 16:41:45Z INFO HostContext] Well known directory 'Root': '/Users/admin/Documents/Project/cicdpipeline/code/actions-runner'
[2025-05-28 16:41:45Z INFO HostContext] Well known config file 'Runner': '/Users/admin/Documents/Project/cicdpipeline/code/actions-runner/.runner'
[2025-05-28 16:41:45Z INFO Listener] Runner is built for OSX (X64) - osx-x64.
[2025-05-28 16:41:45Z INFO Listener] RuntimeInformation: Darwin 24.5.0 Darwin Kernel Version 24.5.0: Tue Apr 22 19:53:26 PDT 2025; root:xnu-11417.121.6~2/RELEASE_X86_64.
[2025-05-28 16:41:45Z INFO Listener] Version: 2.324.0
[2025-05-28 16:41:45Z INFO Listener] Commit: da3412efd49b1cf1a0fbdcbcee4e4ac4cc2177c8
[2025-05-28 16:41:45Z INFO Listener] Culture: en-US
[2025-05-28 16:41:45Z INFO Listener] UI Culture: en-US
[2025-05-28 16:41:45Z INFO HostContext] Well known directory 'Bin': '/Users/admin/Documents/Project/cicdpipeline/code/actions-runner/bin'
[2025-05-28 16:41:45Z INFO HostContext] Well known directory 'Root': '/Users/admin/Documents/Project/cicdpipeline/code/actions-runner'
[2025-05-28 16:41:45Z INFO Listener] Validating directory permissions for: '/Users/admin/Documents/Project/cicdpipeline/code/actions-runner'
[2025-05-28 16:41:45Z INFO CommandLineParser] Parse
[2025-05-28 16:41:45Z INFO CommandLineParser] Parsing 5 args
[2025-05-28 16:41:45Z INFO CommandLineParser] parsing argument
[2025-05-28 16:41:45Z INFO CommandLineParser] HasArgs: False
[2025-05-28 16:41:45Z INFO CommandLineParser] Adding Command: configure
[2025-05-28 16:41:45Z INFO CommandLineParser] parsing argument
[2025-05-28 16:41:45Z INFO CommandLineParser] HasArgs: True
[2025-05-28 16:41:45Z INFO CommandLineParser] arg: url
[2025-05-28 16:41:45Z INFO CommandLineParser] parsing argument
[2025-05-28 16:41:45Z INFO CommandLineParser] HasArgs: True
[2025-05-28 16:41:45Z INFO CommandLineParser] Adding option 'url': 'https://github.com/Okumraymond/cipipelinewithgithubactions'
[2025-05-28 16:41:45Z INFO CommandLineParser] parsing argument
[2025-05-28 16:41:45Z INFO CommandLineParser] HasArgs: True
[2025-05-28 16:41:45Z INFO CommandLineParser] arg: token
[2025-05-28 16:41:45Z INFO CommandLineParser] parsing argument
[2025-05-28 16:41:45Z INFO CommandLineParser] HasArgs: True
[2025-05-28 16:41:45Z INFO CommandLineParser] Adding option 'token': '***'
[2025-05-28 16:41:45Z INFO Listener] Arguments parsed
[2025-05-28 16:41:45Z INFO Runner] ExecuteCommand
[2025-05-28 16:41:45Z INFO ConfigurationStore] currentAssemblyLocation: /Users/admin/Documents/Project/cicdpipeline/code/actions-runner/bin/Runner.Listener.dll
[2025-05-28 16:41:45Z INFO HostContext] Well known directory 'Bin': '/Users/admin/Documents/Project/cicdpipeline/code/actions-runner/bin'
[2025-05-28 16:41:45Z INFO ConfigurationStore] binPath: /Users/admin/Documents/Project/cicdpipeline/code/actions-runner/bin
[2025-05-28 16:41:45Z INFO HostContext] Well known directory 'Bin': '/Users/admin/Documents/Project/cicdpipeline/code/actions-runner/bin'
[2025-05-28 16:41:45Z INFO HostContext] Well known directory 'Root': '/Users/admin/Documents/Project/cicdpipeline/code/actions-runner'
[2025-05-28 16:41:45Z INFO ConfigurationStore] RootFolder: /Users/admin/Documents/Project/cicdpipeline/code/actions-runner
[2025-05-28 16:41:45Z INFO HostContext] Well known directory 'Bin': '/Users/admin/Documents/Project/cicdpipeline/code/actions-runner/bin'
[2025-05-28 16:41:45Z INFO HostContext] Well known directory 'Root': '/Users/admin/Documents/Project/cicdpipeline/code/actions-runner'
[2025-05-28 16:41:45Z INFO HostContext] Well known config file 'Runner': '/Users/admin/Documents/Project/cicdpipeline/code/actions-runner/.runner'
[2025-05-28 16:41:45Z INFO ConfigurationStore] ConfigFilePath: /Users/admin/Documents/Project/cicdpipeline/code/actions-runner/.runner
[2025-05-28 16:41:45Z INFO HostContext] Well known directory 'Bin': '/Users/admin/Documents/Project/cicdpipeline/code/actions-runner/bin'
[2025-05-28 16:41:45Z INFO HostContext] Well known directory 'Root': '/Users/admin/Documents/Project/cicdpipeline/code/actions-runner'
[2025-05-28 16:41:45Z INFO HostContext] Well known config file 'MigratedRunner': '/Users/admin/Documents/Project/cicdpipeline/code/actions-runner/.runner_migrated'
[2025-05-28 16:41:45Z INFO ConfigurationStore] MigratedConfigFilePath: /Users/admin/Documents/Project/cicdpipeline/code/actions-runner/.runner_migrated
[2025-05-28 16:41:45Z INFO HostContext] Well known directory 'Bin': '/Users/admin/Documents/Project/cicdpipeline/code/actions-runner/bin'
[2025-05-28 16:41:45Z INFO HostContext] Well known directory 'Root': '/Users/admin/Documents/Project/cicdpipeline/code/actions-runner'
[2025-05-28 16:41:45Z INFO HostContext] Well known config file 'Credentials': '/Users/admin/Documents/Project/cicdpipeline/code/actions-runner/.credentials'
[2025-05-28 16:41:45Z INFO ConfigurationStore] CredFilePath: /Users/admin/Documents/Project/cicdpipeline/code/actions-runner/.credentials
[2025-05-28 16:41:45Z INFO HostContext] Well known directory 'Bin': '/Users/admin/Documents/Project/cicdpipeline/code/actions-runner/bin'
[2025-05-28 16:41:45Z INFO HostContext] Well known directory 'Root': '/Users/admin/Documents/Project/cicdpipeline/code/actions-runner'
[2025-05-28 16:41:45Z INFO HostContext] Well known config file 'MigratedCredentials': '/Users/admin/Documents/Project/cicdpipeline/code/actions-runner/.credentials_migrated'
[2025-05-28 16:41:45Z INFO ConfigurationStore] MigratedCredFilePath: /Users/admin/Documents/Project/cicdpipeline/code/actions-runner/.credentials_migrated
[2025-05-28 16:41:45Z INFO HostContext] Well known directory 'Bin': '/Users/admin/Documents/Project/cicdpipeline/code/actions-runner/bin'
[2025-05-28 16:41:45Z INFO HostContext] Well known directory 'Root': '/Users/admin/Documents/Project/cicdpipeline/code/actions-runner'
[2025-05-28 16:41:45Z INFO HostContext] Well known config file 'Service': '/Users/admin/Documents/Project/cicdpipeline/code/actions-runner/.service'
[2025-05-28 16:41:45Z INFO ConfigurationStore] ServiceConfigFilePath: /Users/admin/Documents/Project/cicdpipeline/code/actions-runner/.service
[2025-05-28 16:41:45Z INFO CommandSettings] Flag 'help': 'False'
[2025-05-28 16:41:45Z INFO CommandSettings] Flag 'version': 'False'
[2025-05-28 16:41:45Z INFO CommandSettings] Flag 'commit': 'False'
[2025-05-28 16:41:45Z INFO CommandSettings] Flag 'check': 'False'
[2025-05-28 16:41:45Z INFO CommandSettings] Command 'configure': 'True'
[2025-05-28 16:41:45Z INFO Terminal] WRITE LINE: 
[2025-05-28 16:41:45Z INFO Terminal] WRITE LINE: --------------------------------------------------------------------------------
[2025-05-28 16:41:45Z INFO Terminal] WRITE LINE: |        ____ _ _   _   _       _          _        _   _                      |
[2025-05-28 16:41:45Z INFO Terminal] WRITE LINE: |       / ___(_) |_| | | |_   _| |__      / \   ___| |_(_) ___  _ __  ___      |
[2025-05-28 16:41:45Z INFO Terminal] WRITE LINE: |      | |  _| | __| |_| | | | | '_ \    / _ \ / __| __| |/ _ \| '_ \/ __|     |
[2025-05-28 16:41:45Z INFO Terminal] WRITE LINE: |      | |_| | | |_|  _  | |_| | |_) |  / ___ \ (__| |_| | (_) | | | \__ \     |
[2025-05-28 16:41:45Z INFO Terminal] WRITE LINE: |       \____|_|\__|_| |_|\__,_|_.__/  /_/   \_\___|\__|_|\___/|_| |_|___/     |
[2025-05-28 16:41:45Z INFO Terminal] WRITE LINE: |                                                                              |
[2025-05-28 16:41:45Z INFO Terminal] WRITE: |                       
[2025-05-28 16:41:45Z INFO Terminal] WRITE: Self-hosted runner registration
[2025-05-28 16:41:45Z INFO Terminal] WRITE LINE:                         |
[2025-05-28 16:41:45Z INFO Terminal] WRITE LINE: |                                                                              |
[2025-05-28 16:41:45Z INFO Terminal] WRITE LINE: --------------------------------------------------------------------------------
[2025-05-28 16:41:45Z INFO ConfigurationManager] ConfigureAsync
[2025-05-28 16:41:45Z INFO CommandSettings] Flag 'generateServiceConfig': 'False'
[2025-05-28 16:41:45Z INFO ConfigurationStore] IsConfigured()
[2025-05-28 16:41:45Z INFO ConfigurationStore] IsConfigured: False
[2025-05-28 16:41:45Z INFO ConfigurationManager] Is configured: False
[2025-05-28 16:41:45Z INFO CommandSettings] Arg 'url': 'https://github.com/Okumraymond/cipipelinewithgithubactions'
[2025-05-28 16:41:45Z INFO CommandSettings] Remove url from Arg dictionary.
[2025-05-28 16:41:45Z INFO CommandSettings] Arg 'token': '***'
[2025-05-28 16:41:45Z INFO CommandSettings] Remove token from Arg dictionary.
[2025-05-28 16:42:27Z ERR  ConfigurationManager] Failed to get tenant credentials -- Attempt: 1
[2025-05-28 16:42:27Z ERR  ConfigurationManager] System.Net.Http.HttpRequestException: The SSL connection could not be established, see inner exception.
 ---> System.IO.IOException: Received an unexpected EOF or 0 bytes from the transport stream.
   at System.Net.Security.SslStream.ReceiveHandshakeFrameAsync[TIOAdapter](CancellationToken cancellationToken)
   at System.Net.Security.SslStream.ForceAuthenticationAsync[TIOAdapter](Boolean receiveFirst, Byte[] reAuthenticationData, CancellationToken cancellationToken)
   at System.Net.Http.ConnectHelper.EstablishSslConnectionAsync(SslClientAuthenticationOptions sslOptions, HttpRequestMessage request, Boolean async, Stream stream, CancellationToken cancellationToken)
   --- End of inner exception stack trace ---
   at System.Net.Http.ConnectHelper.EstablishSslConnectionAsync(SslClientAuthenticationOptions sslOptions, HttpRequestMessage request, Boolean async, Stream stream, CancellationToken cancellationToken)
   at System.Net.Http.HttpConnectionPool.ConnectAsync(HttpRequestMessage request, Boolean async, CancellationToken cancellationToken)
   at System.Net.Http.HttpConnectionPool.CreateHttp11ConnectionAsync(HttpRequestMessage request, Boolean async, CancellationToken cancellationToken)
   at System.Net.Http.HttpConnectionPool.AddHttp11ConnectionAsync(QueueItem queueItem)
   at System.Threading.Tasks.TaskCompletionSourceWithCancellation`1.WaitWithCancellationAsync(CancellationToken cancellationToken)
   at System.Net.Http.HttpConnectionPool.SendWithVersionDetectionAndRetryAsync(HttpRequestMessage request, Boolean async, Boolean doRequestAuth, CancellationToken cancellationToken)
   at System.Net.Http.RedirectHandler.SendAsync(HttpRequestMessage request, Boolean async, CancellationToken cancellationToken)
   at System.Net.Http.HttpClient.<SendAsync>g__Core|83_0(HttpRequestMessage request, HttpCompletionOption completionOption, CancellationTokenSource cts, Boolean disposeCts, CancellationTokenSource pendingRequestsCts, CancellationToken originalCancellationToken)
   at GitHub.Runner.Listener.Configuration.ConfigurationManager.GetTenantCredential(String githubUrl, String githubToken, String runnerEvent)
[2025-05-28 16:42:27Z ERR  ConfigurationManager] #####################################################
[2025-05-28 16:42:27Z ERR  ConfigurationManager] System.IO.IOException: Received an unexpected EOF or 0 bytes from the transport stream.
   at System.Net.Security.SslStream.ReceiveHandshakeFrameAsync[TIOAdapter](CancellationToken cancellationToken)
   at System.Net.Security.SslStream.ForceAuthenticationAsync[TIOAdapter](Boolean receiveFirst, Byte[] reAuthenticationData, CancellationToken cancellationToken)
   at System.Net.Http.ConnectHelper.EstablishSslConnectionAsync(SslClientAuthenticationOptions sslOptions, HttpRequestMessage request, Boolean async, Stream stream, CancellationToken cancellationToken)
[2025-05-28 16:42:27Z INFO ConfigurationManager] Retrying in 4 seconds
[2025-05-28 16:43:02Z ERR  ConfigurationManager] Failed to get tenant credentials -- Attempt: 2
[2025-05-28 16:43:02Z ERR  ConfigurationManager] System.Net.Http.HttpRequestException: The SSL connection could not be established, see inner exception.
 ---> System.IO.IOException: Unable to read data from the transport connection: Connection reset by peer.
 ---> System.Net.Sockets.SocketException (54): Connection reset by peer
   at System.Net.Sockets.Socket.AwaitableSocketAsyncEventArgs.CreateException(SocketError error, Boolean forAsyncThrow)
   at System.Net.Sockets.Socket.AwaitableSocketAsyncEventArgs.ReceiveAsync(Socket socket, CancellationToken cancellationToken)
   at System.Net.Sockets.Socket.ReceiveAsync(Memory`1 buffer, SocketFlags socketFlags, Boolean fromNetworkStream, CancellationToken cancellationToken)
   at System.Net.Sockets.NetworkStream.ReadAsync(Memory`1 buffer, CancellationToken cancellationToken)
   at System.Net.Security.SslStream.EnsureFullTlsFrameAsync[TIOAdapter](CancellationToken cancellationToken, Int32 estimatedSize)
   at System.Runtime.CompilerServices.PoolingAsyncValueTaskMethodBuilder`1.StateMachineBox`1.ExecutionContextCallback(Object s)
   at System.Threading.ExecutionContext.RunInternal(ExecutionContext executionContext, ContextCallback callback, Object state)
   at System.Runtime.CompilerServices.PoolingAsyncValueTaskMethodBuilder`1.StateMachineBox`1.MoveNext()
   at System.Net.Sockets.SocketAsyncEventArgs.TransferCompletionCallbackCore(Int32 bytesTransferred, Memory`1 socketAddress, SocketFlags receivedFlags, SocketError socketError)
   at System.Net.Sockets.SocketAsyncEngine.System.Threading.IThreadPoolWorkItem.Execute()
   at System.Threading.ThreadPoolWorkQueue.Dispatch()
   at System.Threading.PortableThreadPool.WorkerThread.WorkerThreadStart()
   at System.Threading.Thread.StartCallback()
--- End of stack trace from previous location ---

   --- End of inner exception stack trace ---
   at System.Net.Security.SslStream.EnsureFullTlsFrameAsync[TIOAdapter](CancellationToken cancellationToken, Int32 estimatedSize)
   at System.Runtime.CompilerServices.PoolingAsyncValueTaskMethodBuilder`1.StateMachineBox`1.System.Threading.Tasks.Sources.IValueTaskSource<TResult>.GetResult(Int16 token)
   at System.Net.Security.SslStream.ReceiveHandshakeFrameAsync[TIOAdapter](CancellationToken cancellationToken)
   at System.Net.Security.SslStream.ForceAuthenticationAsync[TIOAdapter](Boolean receiveFirst, Byte[] reAuthenticationData, CancellationToken cancellationToken)
   at System.Net.Http.ConnectHelper.EstablishSslConnectionAsync(SslClientAuthenticationOptions sslOptions, HttpRequestMessage request, Boolean async, Stream stream, CancellationToken cancellationToken)
   --- End of inner exception stack trace ---
   at System.Net.Http.ConnectHelper.EstablishSslConnectionAsync(SslClientAuthenticationOptions sslOptions, HttpRequestMessage request, Boolean async, Stream stream, CancellationToken cancellationToken)
   at System.Net.Http.HttpConnectionPool.ConnectAsync(HttpRequestMessage request, Boolean async, CancellationToken cancellationToken)
   at System.Net.Http.HttpConnectionPool.CreateHttp11ConnectionAsync(HttpRequestMessage request, Boolean async, CancellationToken cancellationToken)
   at System.Net.Http.HttpConnectionPool.AddHttp11ConnectionAsync(QueueItem queueItem)
   at System.Threading.Tasks.TaskCompletionSourceWithCancellation`1.WaitWithCancellationAsync(CancellationToken cancellationToken)
   at System.Net.Http.HttpConnectionPool.SendWithVersionDetectionAndRetryAsync(HttpRequestMessage request, Boolean async, Boolean doRequestAuth, CancellationToken cancellationToken)
   at System.Net.Http.RedirectHandler.SendAsync(HttpRequestMessage request, Boolean async, CancellationToken cancellationToken)
   at System.Net.Http.HttpClient.<SendAsync>g__Core|83_0(HttpRequestMessage request, HttpCompletionOption completionOption, CancellationTokenSource cts, Boolean disposeCts, CancellationTokenSource pendingRequestsCts, CancellationToken originalCancellationToken)
   at GitHub.Runner.Listener.Configuration.ConfigurationManager.GetTenantCredential(String githubUrl, String githubToken, String runnerEvent)
[2025-05-28 16:43:02Z ERR  ConfigurationManager] #####################################################
[2025-05-28 16:43:02Z ERR  ConfigurationManager] System.IO.IOException: Unable to read data from the transport connection: Connection reset by peer.
 ---> System.Net.Sockets.SocketException (54): Connection reset by peer
   at System.Net.Sockets.Socket.AwaitableSocketAsyncEventArgs.CreateException(SocketError error, Boolean forAsyncThrow)
   at System.Net.Sockets.Socket.AwaitableSocketAsyncEventArgs.ReceiveAsync(Socket socket, CancellationToken cancellationToken)
   at System.Net.Sockets.Socket.ReceiveAsync(Memory`1 buffer, SocketFlags socketFlags, Boolean fromNetworkStream, CancellationToken cancellationToken)
   at System.Net.Sockets.NetworkStream.ReadAsync(Memory`1 buffer, CancellationToken cancellationToken)
   at System.Net.Security.SslStream.EnsureFullTlsFrameAsync[TIOAdapter](CancellationToken cancellationToken, Int32 estimatedSize)
   at System.Runtime.CompilerServices.PoolingAsyncValueTaskMethodBuilder`1.StateMachineBox`1.ExecutionContextCallback(Object s)
   at System.Threading.ExecutionContext.RunInternal(ExecutionContext executionContext, ContextCallback callback, Object state)
   at System.Runtime.CompilerServices.PoolingAsyncValueTaskMethodBuilder`1.StateMachineBox`1.MoveNext()
   at System.Net.Sockets.SocketAsyncEventArgs.TransferCompletionCallbackCore(Int32 bytesTransferred, Memory`1 socketAddress, SocketFlags receivedFlags, SocketError socketError)
   at System.Net.Sockets.SocketAsyncEngine.System.Threading.IThreadPoolWorkItem.Execute()
   at System.Threading.ThreadPoolWorkQueue.Dispatch()
   at System.Threading.PortableThreadPool.WorkerThread.WorkerThreadStart()
   at System.Threading.Thread.StartCallback()
--- End of stack trace from previous location ---

   --- End of inner exception stack trace ---
   at System.Net.Security.SslStream.EnsureFullTlsFrameAsync[TIOAdapter](CancellationToken cancellationToken, Int32 estimatedSize)
   at System.Runtime.CompilerServices.PoolingAsyncValueTaskMethodBuilder`1.StateMachineBox`1.System.Threading.Tasks.Sources.IValueTaskSource<TResult>.GetResult(Int16 token)
   at System.Net.Security.SslStream.ReceiveHandshakeFrameAsync[TIOAdapter](CancellationToken cancellationToken)
   at System.Net.Security.SslStream.ForceAuthenticationAsync[TIOAdapter](Boolean receiveFirst, Byte[] reAuthenticationData, CancellationToken cancellationToken)
   at System.Net.Http.ConnectHelper.EstablishSslConnectionAsync(SslClientAuthenticationOptions sslOptions, HttpRequestMessage request, Boolean async, Stream stream, CancellationToken cancellationToken)
[2025-05-28 16:43:02Z ERR  ConfigurationManager] #####################################################
[2025-05-28 16:43:02Z ERR  ConfigurationManager] System.Net.Sockets.SocketException (54): Connection reset by peer
   at System.Net.Sockets.Socket.AwaitableSocketAsyncEventArgs.CreateException(SocketError error, Boolean forAsyncThrow)
   at System.Net.Sockets.Socket.AwaitableSocketAsyncEventArgs.ReceiveAsync(Socket socket, CancellationToken cancellationToken)
   at System.Net.Sockets.Socket.ReceiveAsync(Memory`1 buffer, SocketFlags socketFlags, Boolean fromNetworkStream, CancellationToken cancellationToken)
   at System.Net.Sockets.NetworkStream.ReadAsync(Memory`1 buffer, CancellationToken cancellationToken)
   at System.Net.Security.SslStream.EnsureFullTlsFrameAsync[TIOAdapter](CancellationToken cancellationToken, Int32 estimatedSize)
   at System.Runtime.CompilerServices.PoolingAsyncValueTaskMethodBuilder`1.StateMachineBox`1.ExecutionContextCallback(Object s)
   at System.Threading.ExecutionContext.RunInternal(ExecutionContext executionContext, ContextCallback callback, Object state)
   at System.Runtime.CompilerServices.PoolingAsyncValueTaskMethodBuilder`1.StateMachineBox`1.MoveNext()
   at System.Net.Sockets.SocketAsyncEventArgs.TransferCompletionCallbackCore(Int32 bytesTransferred, Memory`1 socketAddress, SocketFlags receivedFlags, SocketError socketError)
   at System.Net.Sockets.SocketAsyncEngine.System.Threading.IThreadPoolWorkItem.Execute()
   at System.Threading.ThreadPoolWorkQueue.Dispatch()
   at System.Threading.PortableThreadPool.WorkerThread.WorkerThreadStart()
   at System.Threading.Thread.StartCallback()
--- End of stack trace from previous location ---

[2025-05-28 16:43:02Z INFO ConfigurationManager] Retrying in 2 seconds
[2025-05-28 16:43:34Z ERR  Runner] System.Net.Http.HttpRequestException: nodename nor servname provided, or not known (api.github.com:443)
 ---> System.Net.Sockets.SocketException (0xFFFDFFFF): nodename nor servname provided, or not known
   at System.Net.Sockets.Socket.AwaitableSocketAsyncEventArgs.ThrowException(SocketError error, CancellationToken cancellationToken)
   at System.Net.Sockets.Socket.AwaitableSocketAsyncEventArgs.System.Threading.Tasks.Sources.IValueTaskSource.GetResult(Int16 token)
   at System.Net.Sockets.Socket.<ConnectAsync>g__WaitForConnectWithCancellation|285_0(AwaitableSocketAsyncEventArgs saea, ValueTask connectTask, CancellationToken cancellationToken)
   at System.Net.Http.HttpConnectionPool.ConnectToTcpHostAsync(String host, Int32 port, HttpRequestMessage initialRequest, Boolean async, CancellationToken cancellationToken)
   --- End of inner exception stack trace ---
   at System.Net.Http.HttpConnectionPool.ConnectToTcpHostAsync(String host, Int32 port, HttpRequestMessage initialRequest, Boolean async, CancellationToken cancellationToken)
   at System.Net.Http.HttpConnectionPool.ConnectAsync(HttpRequestMessage request, Boolean async, CancellationToken cancellationToken)
   at System.Net.Http.HttpConnectionPool.CreateHttp11ConnectionAsync(HttpRequestMessage request, Boolean async, CancellationToken cancellationToken)
   at System.Net.Http.HttpConnectionPool.AddHttp11ConnectionAsync(QueueItem queueItem)
   at System.Threading.Tasks.TaskCompletionSourceWithCancellation`1.WaitWithCancellationAsync(CancellationToken cancellationToken)
   at System.Net.Http.HttpConnectionPool.SendWithVersionDetectionAndRetryAsync(HttpRequestMessage request, Boolean async, Boolean doRequestAuth, CancellationToken cancellationToken)
   at System.Net.Http.RedirectHandler.SendAsync(HttpRequestMessage request, Boolean async, CancellationToken cancellationToken)
   at System.Net.Http.HttpClient.<SendAsync>g__Core|83_0(HttpRequestMessage request, HttpCompletionOption completionOption, CancellationTokenSource cts, Boolean disposeCts, CancellationTokenSource pendingRequestsCts, CancellationToken originalCancellationToken)
   at GitHub.Runner.Listener.Configuration.ConfigurationManager.GetTenantCredential(String githubUrl, String githubToken, String runnerEvent)
   at GitHub.Runner.Listener.Configuration.ConfigurationManager.ConfigureAsync(CommandSettings command)
   at GitHub.Runner.Listener.Runner.ExecuteCommand(CommandSettings command)
[2025-05-28 16:43:34Z ERR  Runner] #####################################################
[2025-05-28 16:43:34Z ERR  Runner] System.Net.Sockets.SocketException (0xFFFDFFFF): nodename nor servname provided, or not known
   at System.Net.Sockets.Socket.AwaitableSocketAsyncEventArgs.ThrowException(SocketError error, CancellationToken cancellationToken)
   at System.Net.Sockets.Socket.AwaitableSocketAsyncEventArgs.System.Threading.Tasks.Sources.IValueTaskSource.GetResult(Int16 token)
   at System.Net.Sockets.Socket.<ConnectAsync>g__WaitForConnectWithCancellation|285_0(AwaitableSocketAsyncEventArgs saea, ValueTask connectTask, CancellationToken cancellationToken)
   at System.Net.Http.HttpConnectionPool.ConnectToTcpHostAsync(String host, Int32 port, HttpRequestMessage initialRequest, Boolean async, CancellationToken cancellationToken)
[2025-05-28 16:43:34Z ERR  Terminal] WRITE ERROR: nodename nor servname provided, or not known (api.github.com:443)
[2025-05-28 16:43:34Z INFO Listener] Runner execution has finished with return code 1
