[2025-06-03 15:41:12Z INFO HostContext] No proxy settings were found based on environmental variables (http_proxy/https_proxy/HTTP_PROXY/HTTPS_PROXY)
[2025-06-03 15:41:12Z INFO HostContext] Well known directory 'Bin': '/Users/admin/Documents/Project/cicdpipeline/code/actions-runner/bin'
[2025-06-03 15:41:12Z INFO HostContext] Well known directory 'Root': '/Users/admin/Documents/Project/cicdpipeline/code/actions-runner'
[2025-06-03 15:41:12Z INFO HostContext] Well known config file 'Credentials': '/Users/admin/Documents/Project/cicdpipeline/code/actions-runner/.credentials'
[2025-06-03 15:41:12Z INFO HostContext] Well known directory 'Bin': '/Users/admin/Documents/Project/cicdpipeline/code/actions-runner/bin'
[2025-06-03 15:41:12Z INFO HostContext] Well known directory 'Root': '/Users/admin/Documents/Project/cicdpipeline/code/actions-runner'
[2025-06-03 15:41:12Z INFO HostContext] Well known config file 'Runner': '/Users/admin/Documents/Project/cicdpipeline/code/actions-runner/.runner'
[2025-06-03 15:41:12Z INFO Listener] Runner is built for OSX (X64) - osx-x64.
[2025-06-03 15:41:12Z INFO Listener] RuntimeInformation: Darwin 24.5.0 Darwin Kernel Version 24.5.0: Tue Apr 22 19:53:26 PDT 2025; root:xnu-11417.121.6~2/RELEASE_X86_64.
[2025-06-03 15:41:12Z INFO Listener] Version: 2.324.0
[2025-06-03 15:41:12Z INFO Listener] Commit: da3412efd49b1cf1a0fbdcbcee4e4ac4cc2177c8
[2025-06-03 15:41:12Z INFO Listener] Culture: en-US
[2025-06-03 15:41:12Z INFO Listener] UI Culture: en-US
[2025-06-03 15:41:12Z INFO HostContext] Well known directory 'Bin': '/Users/admin/Documents/Project/cicdpipeline/code/actions-runner/bin'
[2025-06-03 15:41:12Z INFO HostContext] Well known directory 'Root': '/Users/admin/Documents/Project/cicdpipeline/code/actions-runner'
[2025-06-03 15:41:12Z INFO Listener] Validating directory permissions for: '/Users/admin/Documents/Project/cicdpipeline/code/actions-runner'
[2025-06-03 15:41:12Z INFO CommandLineParser] Parse
[2025-06-03 15:41:12Z INFO CommandLineParser] Parsing 1 args
[2025-06-03 15:41:12Z INFO CommandLineParser] parsing argument
[2025-06-03 15:41:12Z INFO CommandLineParser] HasArgs: False
[2025-06-03 15:41:12Z INFO CommandLineParser] Adding Command: run
[2025-06-03 15:41:12Z INFO Listener] Arguments parsed
[2025-06-03 15:41:12Z INFO Runner] ExecuteCommand
[2025-06-03 15:41:12Z INFO ConfigurationStore] currentAssemblyLocation: /Users/admin/Documents/Project/cicdpipeline/code/actions-runner/bin/Runner.Listener.dll
[2025-06-03 15:41:12Z INFO HostContext] Well known directory 'Bin': '/Users/admin/Documents/Project/cicdpipeline/code/actions-runner/bin'
[2025-06-03 15:41:12Z INFO ConfigurationStore] binPath: /Users/admin/Documents/Project/cicdpipeline/code/actions-runner/bin
[2025-06-03 15:41:12Z INFO HostContext] Well known directory 'Bin': '/Users/admin/Documents/Project/cicdpipeline/code/actions-runner/bin'
[2025-06-03 15:41:12Z INFO HostContext] Well known directory 'Root': '/Users/admin/Documents/Project/cicdpipeline/code/actions-runner'
[2025-06-03 15:41:12Z INFO ConfigurationStore] RootFolder: /Users/admin/Documents/Project/cicdpipeline/code/actions-runner
[2025-06-03 15:41:12Z INFO HostContext] Well known directory 'Bin': '/Users/admin/Documents/Project/cicdpipeline/code/actions-runner/bin'
[2025-06-03 15:41:12Z INFO HostContext] Well known directory 'Root': '/Users/admin/Documents/Project/cicdpipeline/code/actions-runner'
[2025-06-03 15:41:12Z INFO HostContext] Well known config file 'Runner': '/Users/admin/Documents/Project/cicdpipeline/code/actions-runner/.runner'
[2025-06-03 15:41:12Z INFO ConfigurationStore] ConfigFilePath: /Users/admin/Documents/Project/cicdpipeline/code/actions-runner/.runner
[2025-06-03 15:41:12Z INFO HostContext] Well known directory 'Bin': '/Users/admin/Documents/Project/cicdpipeline/code/actions-runner/bin'
[2025-06-03 15:41:12Z INFO HostContext] Well known directory 'Root': '/Users/admin/Documents/Project/cicdpipeline/code/actions-runner'
[2025-06-03 15:41:12Z INFO HostContext] Well known config file 'MigratedRunner': '/Users/admin/Documents/Project/cicdpipeline/code/actions-runner/.runner_migrated'
[2025-06-03 15:41:12Z INFO ConfigurationStore] MigratedConfigFilePath: /Users/admin/Documents/Project/cicdpipeline/code/actions-runner/.runner_migrated
[2025-06-03 15:41:12Z INFO HostContext] Well known directory 'Bin': '/Users/admin/Documents/Project/cicdpipeline/code/actions-runner/bin'
[2025-06-03 15:41:12Z INFO HostContext] Well known directory 'Root': '/Users/admin/Documents/Project/cicdpipeline/code/actions-runner'
[2025-06-03 15:41:12Z INFO HostContext] Well known config file 'Credentials': '/Users/admin/Documents/Project/cicdpipeline/code/actions-runner/.credentials'
[2025-06-03 15:41:12Z INFO ConfigurationStore] CredFilePath: /Users/admin/Documents/Project/cicdpipeline/code/actions-runner/.credentials
[2025-06-03 15:41:12Z INFO HostContext] Well known directory 'Bin': '/Users/admin/Documents/Project/cicdpipeline/code/actions-runner/bin'
[2025-06-03 15:41:12Z INFO HostContext] Well known directory 'Root': '/Users/admin/Documents/Project/cicdpipeline/code/actions-runner'
[2025-06-03 15:41:12Z INFO HostContext] Well known config file 'MigratedCredentials': '/Users/admin/Documents/Project/cicdpipeline/code/actions-runner/.credentials_migrated'
[2025-06-03 15:41:12Z INFO ConfigurationStore] MigratedCredFilePath: /Users/admin/Documents/Project/cicdpipeline/code/actions-runner/.credentials_migrated
[2025-06-03 15:41:12Z INFO HostContext] Well known directory 'Bin': '/Users/admin/Documents/Project/cicdpipeline/code/actions-runner/bin'
[2025-06-03 15:41:12Z INFO HostContext] Well known directory 'Root': '/Users/admin/Documents/Project/cicdpipeline/code/actions-runner'
[2025-06-03 15:41:12Z INFO HostContext] Well known config file 'Service': '/Users/admin/Documents/Project/cicdpipeline/code/actions-runner/.service'
[2025-06-03 15:41:12Z INFO ConfigurationStore] ServiceConfigFilePath: /Users/admin/Documents/Project/cicdpipeline/code/actions-runner/.service
[2025-06-03 15:41:12Z INFO CommandSettings] Flag 'help': 'False'
[2025-06-03 15:41:12Z INFO CommandSettings] Flag 'version': 'False'
[2025-06-03 15:41:12Z INFO CommandSettings] Flag 'commit': 'False'
[2025-06-03 15:41:12Z INFO CommandSettings] Flag 'check': 'False'
[2025-06-03 15:41:12Z INFO CommandSettings] Command 'configure': 'False'
[2025-06-03 15:41:12Z INFO CommandSettings] Command 'remove': 'False'
[2025-06-03 15:41:12Z INFO CommandSettings] Command 'warmup': 'False'
[2025-06-03 15:41:12Z INFO ConfigurationManager] LoadSettings
[2025-06-03 15:41:12Z INFO ConfigurationStore] IsConfigured()
[2025-06-03 15:41:12Z INFO ConfigurationStore] IsConfigured: True
[2025-06-03 15:41:12Z INFO ConfigurationManager] Is configured: True
[2025-06-03 15:41:12Z INFO ConfigurationStore] Read setting file: 324 chars
[2025-06-03 15:41:12Z INFO ConfigurationManager] Settings Loaded
[2025-06-03 15:41:12Z INFO ConfigurationStore] IsServiceConfigured()
[2025-06-03 15:41:12Z INFO ConfigurationStore] IsServiceConfigured: False
[2025-06-03 15:41:12Z INFO CommandSettings] Command 'run': 'True'
[2025-06-03 15:41:12Z INFO ConfigurationStore] IsConfigured()
[2025-06-03 15:41:12Z INFO ConfigurationStore] IsConfigured: True
[2025-06-03 15:41:12Z INFO ConfigurationManager] Is configured: True
[2025-06-03 15:41:12Z INFO Runner] Could not parse the argument value '' for StartupType. Defaulting to Manual
[2025-06-03 15:41:12Z INFO Runner] Set runner startup type - Manual
[2025-06-03 15:41:12Z INFO CommandSettings] Flag 'once': 'False'
[2025-06-03 15:41:12Z INFO CommandSettings] Flag 'once': 'False'
[2025-06-03 15:41:12Z INFO Runner] RunAsync
[2025-06-03 15:41:12Z INFO ConfigurationManager] LoadMigratedSettings
[2025-06-03 15:41:12Z INFO ConfigurationStore] IsMigratedConfigured()
[2025-06-03 15:41:12Z INFO ConfigurationStore] IsMigratedConfigured: False
[2025-06-03 15:41:12Z INFO Runner] Failed to load migrated settings: No migrated configuration found.
[2025-06-03 15:41:12Z INFO Runner] Falling back to original .runner settings
[2025-06-03 15:41:12Z INFO ConfigurationManager] LoadSettings
[2025-06-03 15:41:12Z INFO ConfigurationStore] IsConfigured()
[2025-06-03 15:41:12Z INFO ConfigurationStore] IsConfigured: True
[2025-06-03 15:41:12Z INFO ConfigurationManager] Is configured: True
[2025-06-03 15:41:12Z INFO ConfigurationManager] Settings Loaded
[2025-06-03 15:41:12Z INFO MessageListener] {
  "AgentId": 21,
  "AgentName": "Admins-MacBook-Pro",
  "PoolId": 1,
  "PoolName": "Default",
  "ServerUrl": "https://pipelinesghubeus4.actions.githubusercontent.com/GEZslW8KBnH5tf58r4JvTnymsSzzw3mHUeSwZiUwzgqk64I0c9/",
  "GitHubUrl": "https://github.com/Okumraymond/cipipelinewithgithubactions",
  "WorkFolder": "_work"
}
[2025-06-03 15:41:12Z INFO MessageListener] Loading Credentials
[2025-06-03 15:41:12Z INFO ConfigurationStore] HasCredentials()
[2025-06-03 15:41:12Z INFO ConfigurationStore] stored True
[2025-06-03 15:41:12Z INFO CredentialManager] GetCredentialProvider
[2025-06-03 15:41:12Z INFO CredentialManager] Creating type OAuth
[2025-06-03 15:41:12Z INFO CredentialManager] Creating credential type: OAuth
[2025-06-03 15:41:12Z INFO HostContext] Well known directory 'Bin': '/Users/admin/Documents/Project/cicdpipeline/code/actions-runner/bin'
[2025-06-03 15:41:12Z INFO HostContext] Well known directory 'Root': '/Users/admin/Documents/Project/cicdpipeline/code/actions-runner'
[2025-06-03 15:41:12Z INFO HostContext] Well known config file 'RSACredentials': '/Users/admin/Documents/Project/cicdpipeline/code/actions-runner/.credentials_rsaparams'
[2025-06-03 15:41:12Z INFO RSAFileKeyManager] Loading RSA key parameters from file /Users/admin/Documents/Project/cicdpipeline/code/actions-runner/.credentials_rsaparams
[2025-06-03 15:41:12Z INFO MessageListener] Attempt to create session.
[2025-06-03 15:41:12Z INFO MessageListener] Connecting to the Runner Server...
[2025-06-03 15:41:12Z INFO RunnerServer] EstablishVssConnection
[2025-06-03 15:41:12Z INFO RunnerServer] Establish connection with 100 seconds timeout.
[2025-06-03 15:41:12Z INFO GitHubActionsService] Starting operation Location.GetConnectionData
[2025-06-03 15:41:12Z INFO RunnerServer] EstablishVssConnection
[2025-06-03 15:41:12Z INFO RunnerServer] Establish connection with 60 seconds timeout.
[2025-06-03 15:41:12Z INFO GitHubActionsService] Starting operation Location.GetConnectionData
[2025-06-03 15:41:12Z INFO RunnerServer] EstablishVssConnection
[2025-06-03 15:41:12Z INFO RunnerServer] Establish connection with 60 seconds timeout.
[2025-06-03 15:41:12Z INFO GitHubActionsService] Starting operation Location.GetConnectionData
[2025-06-03 15:41:14Z INFO GitHubActionsService] Finished operation Location.GetConnectionData
[2025-06-03 15:41:14Z INFO GitHubActionsService] Finished operation Location.GetConnectionData
[2025-06-03 15:41:14Z INFO GitHubActionsService] Finished operation Location.GetConnectionData
[2025-06-03 15:41:14Z INFO MessageListener] VssConnection created
[2025-06-03 15:41:14Z INFO Terminal] WRITE LINE: 
[2025-06-03 15:41:14Z INFO Terminal] WRITE LINE: 
[2025-06-03 15:41:15Z INFO RSAFileKeyManager] Loading RSA key parameters from file /Users/admin/Documents/Project/cicdpipeline/code/actions-runner/.credentials_rsaparams
[2025-06-03 15:41:15Z INFO RSAFileKeyManager] Loading RSA key parameters from file /Users/admin/Documents/Project/cicdpipeline/code/actions-runner/.credentials_rsaparams
[2025-06-03 15:41:16Z INFO GitHubActionsService] AAD Correlation ID for this token request: Unknown
[2025-06-03 15:41:16Z INFO MessageListener] Session created.
[2025-06-03 15:41:16Z INFO MessageListener] Registering AuthMigrationChanged event handler.
[2025-06-03 15:41:16Z INFO Terminal] WRITE LINE: Current runner version: '2.324.0'
[2025-06-03 15:41:16Z INFO Terminal] WRITE LINE: 2025-06-03 15:41:16Z: Listening for Jobs
[2025-06-03 15:41:16Z INFO JobDispatcher] Set runner/worker IPC timeout to 30 seconds.
[2025-06-03 15:41:17Z INFO ConfigurationStore] HasCredentials()
[2025-06-03 15:41:17Z INFO ConfigurationStore] stored True
[2025-06-03 15:41:17Z INFO CredentialManager] GetCredentialProvider
[2025-06-03 15:41:17Z INFO CredentialManager] Creating type OAuth
[2025-06-03 15:41:17Z INFO CredentialManager] Creating credential type: OAuth
[2025-06-03 15:41:17Z INFO RSAFileKeyManager] Loading RSA key parameters from file /Users/admin/Documents/Project/cicdpipeline/code/actions-runner/.credentials_rsaparams
[2025-06-03 15:41:17Z INFO RSAFileKeyManager] Loading RSA key parameters from file /Users/admin/Documents/Project/cicdpipeline/code/actions-runner/.credentials_rsaparams
[2025-06-03 15:41:17Z INFO RSAFileKeyManager] Loading RSA key parameters from file /Users/admin/Documents/Project/cicdpipeline/code/actions-runner/.credentials_rsaparams
[2025-06-03 15:41:18Z INFO GitHubActionsService] AAD Correlation ID for this token request: Unknown
[2025-06-03 15:42:09Z INFO ConfigurationStore] HasCredentials()
[2025-06-03 15:42:09Z INFO ConfigurationStore] stored True
[2025-06-03 15:42:09Z INFO CredentialManager] GetCredentialProvider
[2025-06-03 15:42:09Z INFO CredentialManager] Creating type OAuth
[2025-06-03 15:42:09Z INFO CredentialManager] Creating credential type: OAuth
[2025-06-03 15:42:09Z INFO RSAFileKeyManager] Loading RSA key parameters from file /Users/admin/Documents/Project/cicdpipeline/code/actions-runner/.credentials_rsaparams
[2025-06-03 15:43:00Z INFO ConfigurationStore] HasCredentials()
[2025-06-03 15:43:00Z INFO ConfigurationStore] stored True
[2025-06-03 15:43:00Z INFO CredentialManager] GetCredentialProvider
[2025-06-03 15:43:00Z INFO CredentialManager] Creating type OAuth
[2025-06-03 15:43:00Z INFO CredentialManager] Creating credential type: OAuth
[2025-06-03 15:43:00Z INFO RSAFileKeyManager] Loading RSA key parameters from file /Users/admin/Documents/Project/cicdpipeline/code/actions-runner/.credentials_rsaparams
[2025-06-03 15:43:51Z INFO ConfigurationStore] HasCredentials()
[2025-06-03 15:43:51Z INFO ConfigurationStore] stored True
[2025-06-03 15:43:51Z INFO CredentialManager] GetCredentialProvider
[2025-06-03 15:43:51Z INFO CredentialManager] Creating type OAuth
[2025-06-03 15:43:51Z INFO CredentialManager] Creating credential type: OAuth
[2025-06-03 15:43:51Z INFO RSAFileKeyManager] Loading RSA key parameters from file /Users/admin/Documents/Project/cicdpipeline/code/actions-runner/.credentials_rsaparams
[2025-06-03 15:44:41Z INFO ConfigurationStore] HasCredentials()
[2025-06-03 15:44:41Z INFO ConfigurationStore] stored True
[2025-06-03 15:44:41Z INFO CredentialManager] GetCredentialProvider
[2025-06-03 15:44:41Z INFO CredentialManager] Creating type OAuth
[2025-06-03 15:44:41Z INFO CredentialManager] Creating credential type: OAuth
[2025-06-03 15:44:41Z INFO RSAFileKeyManager] Loading RSA key parameters from file /Users/admin/Documents/Project/cicdpipeline/code/actions-runner/.credentials_rsaparams
[2025-06-03 15:45:32Z INFO ConfigurationStore] HasCredentials()
[2025-06-03 15:45:32Z INFO ConfigurationStore] stored True
[2025-06-03 15:45:32Z INFO CredentialManager] GetCredentialProvider
[2025-06-03 15:45:32Z INFO CredentialManager] Creating type OAuth
[2025-06-03 15:45:32Z INFO CredentialManager] Creating credential type: OAuth
[2025-06-03 15:45:32Z INFO RSAFileKeyManager] Loading RSA key parameters from file /Users/admin/Documents/Project/cicdpipeline/code/actions-runner/.credentials_rsaparams
[2025-06-03 15:46:23Z INFO ConfigurationStore] HasCredentials()
[2025-06-03 15:46:23Z INFO ConfigurationStore] stored True
[2025-06-03 15:46:23Z INFO CredentialManager] GetCredentialProvider
[2025-06-03 15:46:23Z INFO CredentialManager] Creating type OAuth
[2025-06-03 15:46:23Z INFO CredentialManager] Creating credential type: OAuth
[2025-06-03 15:46:23Z INFO RSAFileKeyManager] Loading RSA key parameters from file /Users/admin/Documents/Project/cicdpipeline/code/actions-runner/.credentials_rsaparams
[2025-06-03 15:47:13Z INFO ConfigurationStore] HasCredentials()
[2025-06-03 15:47:13Z INFO ConfigurationStore] stored True
[2025-06-03 15:47:13Z INFO CredentialManager] GetCredentialProvider
[2025-06-03 15:47:13Z INFO CredentialManager] Creating type OAuth
[2025-06-03 15:47:13Z INFO CredentialManager] Creating credential type: OAuth
[2025-06-03 15:47:13Z INFO RSAFileKeyManager] Loading RSA key parameters from file /Users/admin/Documents/Project/cicdpipeline/code/actions-runner/.credentials_rsaparams
[2025-06-03 15:48:04Z INFO ConfigurationStore] HasCredentials()
[2025-06-03 15:48:04Z INFO ConfigurationStore] stored True
[2025-06-03 15:48:04Z INFO CredentialManager] GetCredentialProvider
[2025-06-03 15:48:04Z INFO CredentialManager] Creating type OAuth
[2025-06-03 15:48:04Z INFO CredentialManager] Creating credential type: OAuth
[2025-06-03 15:48:04Z INFO RSAFileKeyManager] Loading RSA key parameters from file /Users/admin/Documents/Project/cicdpipeline/code/actions-runner/.credentials_rsaparams
[2025-06-03 15:48:55Z INFO ConfigurationStore] HasCredentials()
[2025-06-03 15:48:55Z INFO ConfigurationStore] stored True
[2025-06-03 15:48:55Z INFO CredentialManager] GetCredentialProvider
[2025-06-03 15:48:55Z INFO CredentialManager] Creating type OAuth
[2025-06-03 15:48:55Z INFO CredentialManager] Creating credential type: OAuth
[2025-06-03 15:48:55Z INFO RSAFileKeyManager] Loading RSA key parameters from file /Users/admin/Documents/Project/cicdpipeline/code/actions-runner/.credentials_rsaparams
[2025-06-03 15:49:45Z INFO ConfigurationStore] HasCredentials()
[2025-06-03 15:49:45Z INFO ConfigurationStore] stored True
[2025-06-03 15:49:45Z INFO CredentialManager] GetCredentialProvider
[2025-06-03 15:49:45Z INFO CredentialManager] Creating type OAuth
[2025-06-03 15:49:45Z INFO CredentialManager] Creating credential type: OAuth
[2025-06-03 15:49:45Z INFO RSAFileKeyManager] Loading RSA key parameters from file /Users/admin/Documents/Project/cicdpipeline/code/actions-runner/.credentials_rsaparams
[2025-06-03 15:50:36Z INFO ConfigurationStore] HasCredentials()
[2025-06-03 15:50:36Z INFO ConfigurationStore] stored True
[2025-06-03 15:50:36Z INFO CredentialManager] GetCredentialProvider
[2025-06-03 15:50:36Z INFO CredentialManager] Creating type OAuth
[2025-06-03 15:50:36Z INFO CredentialManager] Creating credential type: OAuth
[2025-06-03 15:50:36Z INFO RSAFileKeyManager] Loading RSA key parameters from file /Users/admin/Documents/Project/cicdpipeline/code/actions-runner/.credentials_rsaparams
[2025-06-03 15:51:27Z INFO ConfigurationStore] HasCredentials()
[2025-06-03 15:51:27Z INFO ConfigurationStore] stored True
[2025-06-03 15:51:27Z INFO CredentialManager] GetCredentialProvider
[2025-06-03 15:51:27Z INFO CredentialManager] Creating type OAuth
[2025-06-03 15:51:27Z INFO CredentialManager] Creating credential type: OAuth
[2025-06-03 15:51:27Z INFO RSAFileKeyManager] Loading RSA key parameters from file /Users/admin/Documents/Project/cicdpipeline/code/actions-runner/.credentials_rsaparams
[2025-06-03 15:52:18Z INFO ConfigurationStore] HasCredentials()
[2025-06-03 15:52:18Z INFO ConfigurationStore] stored True
[2025-06-03 15:52:18Z INFO CredentialManager] GetCredentialProvider
[2025-06-03 15:52:18Z INFO CredentialManager] Creating type OAuth
[2025-06-03 15:52:18Z INFO CredentialManager] Creating credential type: OAuth
[2025-06-03 15:52:18Z INFO RSAFileKeyManager] Loading RSA key parameters from file /Users/admin/Documents/Project/cicdpipeline/code/actions-runner/.credentials_rsaparams
[2025-06-03 15:53:08Z INFO ConfigurationStore] HasCredentials()
[2025-06-03 15:53:08Z INFO ConfigurationStore] stored True
[2025-06-03 15:53:08Z INFO CredentialManager] GetCredentialProvider
[2025-06-03 15:53:08Z INFO CredentialManager] Creating type OAuth
[2025-06-03 15:53:08Z INFO CredentialManager] Creating credential type: OAuth
[2025-06-03 15:53:08Z INFO RSAFileKeyManager] Loading RSA key parameters from file /Users/admin/Documents/Project/cicdpipeline/code/actions-runner/.credentials_rsaparams
[2025-06-03 15:53:59Z INFO ConfigurationStore] HasCredentials()
[2025-06-03 15:53:59Z INFO ConfigurationStore] stored True
[2025-06-03 15:53:59Z INFO CredentialManager] GetCredentialProvider
[2025-06-03 15:53:59Z INFO CredentialManager] Creating type OAuth
[2025-06-03 15:53:59Z INFO CredentialManager] Creating credential type: OAuth
[2025-06-03 15:53:59Z INFO RSAFileKeyManager] Loading RSA key parameters from file /Users/admin/Documents/Project/cicdpipeline/code/actions-runner/.credentials_rsaparams
[2025-06-03 15:54:49Z INFO ConfigurationStore] HasCredentials()
[2025-06-03 15:54:49Z INFO ConfigurationStore] stored True
[2025-06-03 15:54:49Z INFO CredentialManager] GetCredentialProvider
[2025-06-03 15:54:49Z INFO CredentialManager] Creating type OAuth
[2025-06-03 15:54:49Z INFO CredentialManager] Creating credential type: OAuth
[2025-06-03 15:54:49Z INFO RSAFileKeyManager] Loading RSA key parameters from file /Users/admin/Documents/Project/cicdpipeline/code/actions-runner/.credentials_rsaparams
[2025-06-03 15:55:40Z INFO ConfigurationStore] HasCredentials()
[2025-06-03 15:55:40Z INFO ConfigurationStore] stored True
[2025-06-03 15:55:40Z INFO CredentialManager] GetCredentialProvider
[2025-06-03 15:55:40Z INFO CredentialManager] Creating type OAuth
[2025-06-03 15:55:40Z INFO CredentialManager] Creating credential type: OAuth
[2025-06-03 15:55:40Z INFO RSAFileKeyManager] Loading RSA key parameters from file /Users/admin/Documents/Project/cicdpipeline/code/actions-runner/.credentials_rsaparams
[2025-06-03 15:56:31Z INFO ConfigurationStore] HasCredentials()
[2025-06-03 15:56:31Z INFO ConfigurationStore] stored True
[2025-06-03 15:56:31Z INFO CredentialManager] GetCredentialProvider
[2025-06-03 15:56:31Z INFO CredentialManager] Creating type OAuth
[2025-06-03 15:56:31Z INFO CredentialManager] Creating credential type: OAuth
[2025-06-03 15:56:31Z INFO RSAFileKeyManager] Loading RSA key parameters from file /Users/admin/Documents/Project/cicdpipeline/code/actions-runner/.credentials_rsaparams
[2025-06-03 15:57:22Z INFO ConfigurationStore] HasCredentials()
[2025-06-03 15:57:22Z INFO ConfigurationStore] stored True
[2025-06-03 15:57:22Z INFO CredentialManager] GetCredentialProvider
[2025-06-03 15:57:22Z INFO CredentialManager] Creating type OAuth
[2025-06-03 15:57:22Z INFO CredentialManager] Creating credential type: OAuth
[2025-06-03 15:57:22Z INFO RSAFileKeyManager] Loading RSA key parameters from file /Users/admin/Documents/Project/cicdpipeline/code/actions-runner/.credentials_rsaparams
[2025-06-03 15:58:13Z INFO ConfigurationStore] HasCredentials()
[2025-06-03 15:58:13Z INFO ConfigurationStore] stored True
[2025-06-03 15:58:13Z INFO CredentialManager] GetCredentialProvider
[2025-06-03 15:58:13Z INFO CredentialManager] Creating type OAuth
[2025-06-03 15:58:13Z INFO CredentialManager] Creating credential type: OAuth
[2025-06-03 15:58:13Z INFO RSAFileKeyManager] Loading RSA key parameters from file /Users/admin/Documents/Project/cicdpipeline/code/actions-runner/.credentials_rsaparams
[2025-06-03 15:59:03Z INFO ConfigurationStore] HasCredentials()
[2025-06-03 15:59:03Z INFO ConfigurationStore] stored True
[2025-06-03 15:59:03Z INFO CredentialManager] GetCredentialProvider
[2025-06-03 15:59:03Z INFO CredentialManager] Creating type OAuth
[2025-06-03 15:59:03Z INFO CredentialManager] Creating credential type: OAuth
[2025-06-03 15:59:03Z INFO RSAFileKeyManager] Loading RSA key parameters from file /Users/admin/Documents/Project/cicdpipeline/code/actions-runner/.credentials_rsaparams
[2025-06-03 15:59:54Z INFO ConfigurationStore] HasCredentials()
[2025-06-03 15:59:54Z INFO ConfigurationStore] stored True
[2025-06-03 15:59:54Z INFO CredentialManager] GetCredentialProvider
[2025-06-03 15:59:54Z INFO CredentialManager] Creating type OAuth
[2025-06-03 15:59:54Z INFO CredentialManager] Creating credential type: OAuth
[2025-06-03 15:59:54Z INFO RSAFileKeyManager] Loading RSA key parameters from file /Users/admin/Documents/Project/cicdpipeline/code/actions-runner/.credentials_rsaparams
[2025-06-03 16:00:45Z INFO ConfigurationStore] HasCredentials()
[2025-06-03 16:00:45Z INFO ConfigurationStore] stored True
[2025-06-03 16:00:45Z INFO CredentialManager] GetCredentialProvider
[2025-06-03 16:00:45Z INFO CredentialManager] Creating type OAuth
[2025-06-03 16:00:45Z INFO CredentialManager] Creating credential type: OAuth
[2025-06-03 16:00:45Z INFO RSAFileKeyManager] Loading RSA key parameters from file /Users/admin/Documents/Project/cicdpipeline/code/actions-runner/.credentials_rsaparams
[2025-06-03 16:01:35Z INFO ConfigurationStore] HasCredentials()
[2025-06-03 16:01:35Z INFO ConfigurationStore] stored True
[2025-06-03 16:01:35Z INFO CredentialManager] GetCredentialProvider
[2025-06-03 16:01:35Z INFO CredentialManager] Creating type OAuth
[2025-06-03 16:01:35Z INFO CredentialManager] Creating credential type: OAuth
[2025-06-03 16:01:35Z INFO RSAFileKeyManager] Loading RSA key parameters from file /Users/admin/Documents/Project/cicdpipeline/code/actions-runner/.credentials_rsaparams
[2025-06-03 16:02:26Z INFO ConfigurationStore] HasCredentials()
[2025-06-03 16:02:26Z INFO ConfigurationStore] stored True
[2025-06-03 16:02:26Z INFO CredentialManager] GetCredentialProvider
[2025-06-03 16:02:26Z INFO CredentialManager] Creating type OAuth
[2025-06-03 16:02:26Z INFO CredentialManager] Creating credential type: OAuth
[2025-06-03 16:02:26Z INFO RSAFileKeyManager] Loading RSA key parameters from file /Users/admin/Documents/Project/cicdpipeline/code/actions-runner/.credentials_rsaparams
[2025-06-03 16:03:17Z INFO ConfigurationStore] HasCredentials()
[2025-06-03 16:03:17Z INFO ConfigurationStore] stored True
[2025-06-03 16:03:17Z INFO CredentialManager] GetCredentialProvider
[2025-06-03 16:03:17Z INFO CredentialManager] Creating type OAuth
[2025-06-03 16:03:17Z INFO CredentialManager] Creating credential type: OAuth
[2025-06-03 16:03:17Z INFO RSAFileKeyManager] Loading RSA key parameters from file /Users/admin/Documents/Project/cicdpipeline/code/actions-runner/.credentials_rsaparams
[2025-06-03 16:04:07Z INFO ConfigurationStore] HasCredentials()
[2025-06-03 16:04:07Z INFO ConfigurationStore] stored True
[2025-06-03 16:04:07Z INFO CredentialManager] GetCredentialProvider
[2025-06-03 16:04:07Z INFO CredentialManager] Creating type OAuth
[2025-06-03 16:04:07Z INFO CredentialManager] Creating credential type: OAuth
[2025-06-03 16:04:07Z INFO RSAFileKeyManager] Loading RSA key parameters from file /Users/admin/Documents/Project/cicdpipeline/code/actions-runner/.credentials_rsaparams
[2025-06-03 16:04:58Z INFO ConfigurationStore] HasCredentials()
[2025-06-03 16:04:58Z INFO ConfigurationStore] stored True
[2025-06-03 16:04:58Z INFO CredentialManager] GetCredentialProvider
[2025-06-03 16:04:58Z INFO CredentialManager] Creating type OAuth
[2025-06-03 16:04:58Z INFO CredentialManager] Creating credential type: OAuth
[2025-06-03 16:04:58Z INFO RSAFileKeyManager] Loading RSA key parameters from file /Users/admin/Documents/Project/cicdpipeline/code/actions-runner/.credentials_rsaparams
[2025-06-03 16:05:49Z INFO ConfigurationStore] HasCredentials()
[2025-06-03 16:05:49Z INFO ConfigurationStore] stored True
[2025-06-03 16:05:49Z INFO CredentialManager] GetCredentialProvider
[2025-06-03 16:05:49Z INFO CredentialManager] Creating type OAuth
[2025-06-03 16:05:49Z INFO CredentialManager] Creating credential type: OAuth
[2025-06-03 16:05:49Z INFO RSAFileKeyManager] Loading RSA key parameters from file /Users/admin/Documents/Project/cicdpipeline/code/actions-runner/.credentials_rsaparams
[2025-06-03 16:06:39Z INFO ConfigurationStore] HasCredentials()
[2025-06-03 16:06:39Z INFO ConfigurationStore] stored True
[2025-06-03 16:06:39Z INFO CredentialManager] GetCredentialProvider
[2025-06-03 16:06:39Z INFO CredentialManager] Creating type OAuth
[2025-06-03 16:06:39Z INFO CredentialManager] Creating credential type: OAuth
[2025-06-03 16:06:39Z INFO RSAFileKeyManager] Loading RSA key parameters from file /Users/admin/Documents/Project/cicdpipeline/code/actions-runner/.credentials_rsaparams
[2025-06-03 16:07:30Z INFO ConfigurationStore] HasCredentials()
[2025-06-03 16:07:30Z INFO ConfigurationStore] stored True
[2025-06-03 16:07:30Z INFO CredentialManager] GetCredentialProvider
[2025-06-03 16:07:30Z INFO CredentialManager] Creating type OAuth
[2025-06-03 16:07:30Z INFO CredentialManager] Creating credential type: OAuth
[2025-06-03 16:07:30Z INFO RSAFileKeyManager] Loading RSA key parameters from file /Users/admin/Documents/Project/cicdpipeline/code/actions-runner/.credentials_rsaparams
[2025-06-03 16:08:21Z INFO ConfigurationStore] HasCredentials()
[2025-06-03 16:08:21Z INFO ConfigurationStore] stored True
[2025-06-03 16:08:21Z INFO CredentialManager] GetCredentialProvider
[2025-06-03 16:08:21Z INFO CredentialManager] Creating type OAuth
[2025-06-03 16:08:21Z INFO CredentialManager] Creating credential type: OAuth
[2025-06-03 16:08:21Z INFO RSAFileKeyManager] Loading RSA key parameters from file /Users/admin/Documents/Project/cicdpipeline/code/actions-runner/.credentials_rsaparams
[2025-06-03 16:09:12Z INFO ConfigurationStore] HasCredentials()
[2025-06-03 16:09:12Z INFO ConfigurationStore] stored True
[2025-06-03 16:09:12Z INFO CredentialManager] GetCredentialProvider
[2025-06-03 16:09:12Z INFO CredentialManager] Creating type OAuth
[2025-06-03 16:09:12Z INFO CredentialManager] Creating credential type: OAuth
[2025-06-03 16:09:12Z INFO RSAFileKeyManager] Loading RSA key parameters from file /Users/admin/Documents/Project/cicdpipeline/code/actions-runner/.credentials_rsaparams
[2025-06-03 16:10:03Z INFO ConfigurationStore] HasCredentials()
[2025-06-03 16:10:03Z INFO ConfigurationStore] stored True
[2025-06-03 16:10:03Z INFO CredentialManager] GetCredentialProvider
[2025-06-03 16:10:03Z INFO CredentialManager] Creating type OAuth
[2025-06-03 16:10:03Z INFO CredentialManager] Creating credential type: OAuth
[2025-06-03 16:10:03Z INFO RSAFileKeyManager] Loading RSA key parameters from file /Users/admin/Documents/Project/cicdpipeline/code/actions-runner/.credentials_rsaparams
[2025-06-03 16:10:53Z INFO ConfigurationStore] HasCredentials()
[2025-06-03 16:10:53Z INFO ConfigurationStore] stored True
[2025-06-03 16:10:53Z INFO CredentialManager] GetCredentialProvider
[2025-06-03 16:10:53Z INFO CredentialManager] Creating type OAuth
[2025-06-03 16:10:53Z INFO CredentialManager] Creating credential type: OAuth
[2025-06-03 16:10:53Z INFO RSAFileKeyManager] Loading RSA key parameters from file /Users/admin/Documents/Project/cicdpipeline/code/actions-runner/.credentials_rsaparams
[2025-06-03 16:11:44Z INFO MessageListener] No message retrieved from session 'f00b9114-b44b-418d-ad0b-7db633aed61c' within last 30 minutes.
[2025-06-03 16:11:44Z INFO ConfigurationStore] HasCredentials()
[2025-06-03 16:11:44Z INFO ConfigurationStore] stored True
[2025-06-03 16:11:44Z INFO CredentialManager] GetCredentialProvider
[2025-06-03 16:11:44Z INFO CredentialManager] Creating type OAuth
[2025-06-03 16:11:44Z INFO CredentialManager] Creating credential type: OAuth
[2025-06-03 16:11:44Z INFO RSAFileKeyManager] Loading RSA key parameters from file /Users/admin/Documents/Project/cicdpipeline/code/actions-runner/.credentials_rsaparams
[2025-06-03 16:12:35Z INFO ConfigurationStore] HasCredentials()
[2025-06-03 16:12:35Z INFO ConfigurationStore] stored True
[2025-06-03 16:12:35Z INFO CredentialManager] GetCredentialProvider
[2025-06-03 16:12:35Z INFO CredentialManager] Creating type OAuth
[2025-06-03 16:12:35Z INFO CredentialManager] Creating credential type: OAuth
[2025-06-03 16:12:35Z INFO RSAFileKeyManager] Loading RSA key parameters from file /Users/admin/Documents/Project/cicdpipeline/code/actions-runner/.credentials_rsaparams
[2025-06-03 16:13:25Z INFO ConfigurationStore] HasCredentials()
[2025-06-03 16:13:25Z INFO ConfigurationStore] stored True
[2025-06-03 16:13:25Z INFO CredentialManager] GetCredentialProvider
[2025-06-03 16:13:25Z INFO CredentialManager] Creating type OAuth
[2025-06-03 16:13:25Z INFO CredentialManager] Creating credential type: OAuth
[2025-06-03 16:13:25Z INFO RSAFileKeyManager] Loading RSA key parameters from file /Users/admin/Documents/Project/cicdpipeline/code/actions-runner/.credentials_rsaparams
[2025-06-03 16:14:16Z INFO ConfigurationStore] HasCredentials()
[2025-06-03 16:14:16Z INFO ConfigurationStore] stored True
[2025-06-03 16:14:16Z INFO CredentialManager] GetCredentialProvider
[2025-06-03 16:14:16Z INFO CredentialManager] Creating type OAuth
[2025-06-03 16:14:16Z INFO CredentialManager] Creating credential type: OAuth
[2025-06-03 16:14:16Z INFO RSAFileKeyManager] Loading RSA key parameters from file /Users/admin/Documents/Project/cicdpipeline/code/actions-runner/.credentials_rsaparams
[2025-06-03 16:15:07Z INFO ConfigurationStore] HasCredentials()
[2025-06-03 16:15:07Z INFO ConfigurationStore] stored True
[2025-06-03 16:15:07Z INFO CredentialManager] GetCredentialProvider
[2025-06-03 16:15:07Z INFO CredentialManager] Creating type OAuth
[2025-06-03 16:15:07Z INFO CredentialManager] Creating credential type: OAuth
[2025-06-03 16:15:07Z INFO RSAFileKeyManager] Loading RSA key parameters from file /Users/admin/Documents/Project/cicdpipeline/code/actions-runner/.credentials_rsaparams
[2025-06-03 16:15:58Z INFO ConfigurationStore] HasCredentials()
[2025-06-03 16:15:58Z INFO ConfigurationStore] stored True
[2025-06-03 16:15:58Z INFO CredentialManager] GetCredentialProvider
[2025-06-03 16:15:58Z INFO CredentialManager] Creating type OAuth
[2025-06-03 16:15:58Z INFO CredentialManager] Creating credential type: OAuth
[2025-06-03 16:15:58Z INFO RSAFileKeyManager] Loading RSA key parameters from file /Users/admin/Documents/Project/cicdpipeline/code/actions-runner/.credentials_rsaparams
[2025-06-03 16:16:37Z INFO MessageListener] Message '3796035814997364536' received from session 'f00b9114-b44b-418d-ad0b-7db633aed61c'.
[2025-06-03 16:16:37Z INFO ConfigurationStore] HasCredentials()
[2025-06-03 16:16:37Z INFO ConfigurationStore] stored True
[2025-06-03 16:16:37Z INFO CredentialManager] GetCredentialProvider
[2025-06-03 16:16:37Z INFO CredentialManager] Creating type OAuth
[2025-06-03 16:16:37Z INFO CredentialManager] Creating credential type: OAuth
[2025-06-03 16:16:37Z INFO RSAFileKeyManager] Loading RSA key parameters from file /Users/admin/Documents/Project/cicdpipeline/code/actions-runner/.credentials_rsaparams
[2025-06-03 16:16:37Z INFO RSAFileKeyManager] Loading RSA key parameters from file /Users/admin/Documents/Project/cicdpipeline/code/actions-runner/.credentials_rsaparams
[2025-06-03 16:16:37Z INFO RSAFileKeyManager] Loading RSA key parameters from file /Users/admin/Documents/Project/cicdpipeline/code/actions-runner/.credentials_rsaparams
[2025-06-03 16:16:38Z INFO GitHubActionsService] AAD Correlation ID for this token request: Unknown
[2025-06-03 16:16:40Z INFO JobDispatcher] Job request 0 for plan 88ddc307-0a28-4ed1-8e92-1806e9b65f38 job a304a82b-f70e-56fd-9943-d4491315be6c received.
[2025-06-03 16:16:40Z INFO MessageListener] Received job status event. JobState: Busy
[2025-06-03 16:16:40Z INFO MessageListener] _getMessagesTokenSource is already disposed.
[2025-06-03 16:16:40Z INFO Terminal] WRITE LINE: 2025-06-03 16:16:40Z: Running job: build-and-push
[2025-06-03 16:16:40Z INFO JobDispatcher] Start renew job request 0 for job a304a82b-f70e-56fd-9943-d4491315be6c.
[2025-06-03 16:16:41Z INFO JobDispatcher] Successfully renew job a304a82b-f70e-56fd-9943-d4491315be6c, job is valid till 6/3/2025 4:26:41 PM
[2025-06-03 16:16:41Z INFO HostContext] Well known directory 'Bin': '/Users/admin/Documents/Project/cicdpipeline/code/actions-runner/bin'
[2025-06-03 16:16:41Z INFO ProcessInvokerWrapper] Starting process:
[2025-06-03 16:16:41Z INFO ProcessInvokerWrapper]   File name: '/Users/admin/Documents/Project/cicdpipeline/code/actions-runner/bin/Runner.Worker'
[2025-06-03 16:16:41Z INFO ProcessInvokerWrapper]   Arguments: 'spawnclient 150 153'
[2025-06-03 16:16:41Z INFO ProcessInvokerWrapper]   Working directory: '/Users/admin/Documents/Project/cicdpipeline/code/actions-runner/bin'
[2025-06-03 16:16:41Z INFO ProcessInvokerWrapper]   Require exit code zero: 'False'
[2025-06-03 16:16:41Z INFO ProcessInvokerWrapper]   Encoding web name:  ; code page: ''
[2025-06-03 16:16:41Z INFO ProcessInvokerWrapper]   Force kill process on cancellation: 'True'
[2025-06-03 16:16:41Z INFO ProcessInvokerWrapper]   Redirected STDIN: 'False'
[2025-06-03 16:16:41Z INFO ProcessInvokerWrapper]   Persist current code page: 'False'
[2025-06-03 16:16:41Z INFO ProcessInvokerWrapper]   Keep redirected STDIN open: 'False'
[2025-06-03 16:16:41Z INFO ProcessInvokerWrapper]   High priority process: 'True'
[2025-06-03 16:16:41Z INFO ProcessInvokerWrapper] Process started with process id 20098, waiting for process exit.
[2025-06-03 16:16:41Z INFO JobDispatcher] Send job request message to worker for job a304a82b-f70e-56fd-9943-d4491315be6c.
[2025-06-03 16:16:41Z INFO ProcessChannel] Sending message of length 19342, with hash '5bd8ef2ec538b1585a96316aed8c0c7394bb4b6884275afec5567b4838d37dc9'
[2025-06-03 16:16:41Z INFO JobNotification] Entering JobStarted Notification
[2025-06-03 16:16:41Z INFO JobNotification] Entering StartMonitor
[2025-06-03 16:16:42Z INFO ConfigurationStore] HasCredentials()
[2025-06-03 16:16:42Z INFO ConfigurationStore] stored True
[2025-06-03 16:16:42Z INFO CredentialManager] GetCredentialProvider
[2025-06-03 16:16:42Z INFO CredentialManager] Creating type OAuth
[2025-06-03 16:16:42Z INFO CredentialManager] Creating credential type: OAuth
[2025-06-03 16:16:42Z INFO RSAFileKeyManager] Loading RSA key parameters from file /Users/admin/Documents/Project/cicdpipeline/code/actions-runner/.credentials_rsaparams
[2025-06-03 16:17:36Z INFO ConfigurationStore] HasCredentials()
[2025-06-03 16:17:36Z INFO ConfigurationStore] stored True
[2025-06-03 16:17:36Z INFO CredentialManager] GetCredentialProvider
[2025-06-03 16:17:36Z INFO CredentialManager] Creating type OAuth
[2025-06-03 16:17:36Z INFO CredentialManager] Creating credential type: OAuth
[2025-06-03 16:17:36Z INFO RSAFileKeyManager] Loading RSA key parameters from file /Users/admin/Documents/Project/cicdpipeline/code/actions-runner/.credentials_rsaparams
[2025-06-03 16:17:43Z INFO JobDispatcher] Successfully renew job a304a82b-f70e-56fd-9943-d4491315be6c, job is valid till 6/3/2025 4:27:42 PM
[2025-06-03 16:18:26Z INFO ConfigurationStore] HasCredentials()
[2025-06-03 16:18:26Z INFO ConfigurationStore] stored True
[2025-06-03 16:18:26Z INFO CredentialManager] GetCredentialProvider
[2025-06-03 16:18:26Z INFO CredentialManager] Creating type OAuth
[2025-06-03 16:18:26Z INFO CredentialManager] Creating credential type: OAuth
[2025-06-03 16:18:26Z INFO RSAFileKeyManager] Loading RSA key parameters from file /Users/admin/Documents/Project/cicdpipeline/code/actions-runner/.credentials_rsaparams
[2025-06-03 16:18:29Z INFO ProcessInvokerWrapper] STDOUT/STDERR stream read finished.
[2025-06-03 16:18:29Z INFO ProcessInvokerWrapper] STDOUT/STDERR stream read finished.
[2025-06-03 16:18:29Z INFO ProcessInvokerWrapper] Finished process 20098 with exit code 102, and elapsed time 00:01:47.3896213.
[2025-06-03 16:18:29Z INFO JobDispatcher] Worker finished for job a304a82b-f70e-56fd-9943-d4491315be6c. Code: 102
[2025-06-03 16:18:29Z INFO JobDispatcher] finish job request for job a304a82b-f70e-56fd-9943-d4491315be6c with result: Failed
[2025-06-03 16:18:29Z INFO Terminal] WRITE LINE: 2025-06-03 16:18:29Z: Job build-and-push completed with result: Failed
[2025-06-03 16:18:29Z INFO JobDispatcher] Stop renew job request for job a304a82b-f70e-56fd-9943-d4491315be6c.
[2025-06-03 16:18:29Z INFO JobDispatcher] job renew has been cancelled, stop renew job a304a82b-f70e-56fd-9943-d4491315be6c.
[2025-06-03 16:18:29Z INFO JobNotification] Entering JobCompleted Notification
[2025-06-03 16:18:29Z INFO JobNotification] Entering EndMonitor
[2025-06-03 16:18:29Z INFO MessageListener] Received job status event. JobState: Online
[2025-06-03 16:19:17Z INFO ConfigurationStore] HasCredentials()
[2025-06-03 16:19:17Z INFO ConfigurationStore] stored True
[2025-06-03 16:19:17Z INFO CredentialManager] GetCredentialProvider
[2025-06-03 16:19:17Z INFO CredentialManager] Creating type OAuth
[2025-06-03 16:19:17Z INFO CredentialManager] Creating credential type: OAuth
[2025-06-03 16:19:17Z INFO RSAFileKeyManager] Loading RSA key parameters from file /Users/admin/Documents/Project/cicdpipeline/code/actions-runner/.credentials_rsaparams
[2025-06-03 16:20:07Z INFO ConfigurationStore] HasCredentials()
[2025-06-03 16:20:07Z INFO ConfigurationStore] stored True
[2025-06-03 16:20:07Z INFO CredentialManager] GetCredentialProvider
[2025-06-03 16:20:07Z INFO CredentialManager] Creating type OAuth
[2025-06-03 16:20:07Z INFO CredentialManager] Creating credential type: OAuth
[2025-06-03 16:20:07Z INFO RSAFileKeyManager] Loading RSA key parameters from file /Users/admin/Documents/Project/cicdpipeline/code/actions-runner/.credentials_rsaparams
[2025-06-03 16:20:59Z INFO ConfigurationStore] HasCredentials()
[2025-06-03 16:20:59Z INFO ConfigurationStore] stored True
[2025-06-03 16:20:59Z INFO CredentialManager] GetCredentialProvider
[2025-06-03 16:20:59Z INFO CredentialManager] Creating type OAuth
[2025-06-03 16:20:59Z INFO CredentialManager] Creating credential type: OAuth
[2025-06-03 16:20:59Z INFO RSAFileKeyManager] Loading RSA key parameters from file /Users/admin/Documents/Project/cicdpipeline/code/actions-runner/.credentials_rsaparams
[2025-06-03 16:21:50Z INFO ConfigurationStore] HasCredentials()
[2025-06-03 16:21:50Z INFO ConfigurationStore] stored True
[2025-06-03 16:21:50Z INFO CredentialManager] GetCredentialProvider
[2025-06-03 16:21:50Z INFO CredentialManager] Creating type OAuth
[2025-06-03 16:21:50Z INFO CredentialManager] Creating credential type: OAuth
[2025-06-03 16:21:50Z INFO RSAFileKeyManager] Loading RSA key parameters from file /Users/admin/Documents/Project/cicdpipeline/code/actions-runner/.credentials_rsaparams
[2025-06-03 16:22:43Z INFO ConfigurationStore] HasCredentials()
[2025-06-03 16:22:43Z INFO ConfigurationStore] stored True
[2025-06-03 16:22:43Z INFO CredentialManager] GetCredentialProvider
[2025-06-03 16:22:43Z INFO CredentialManager] Creating type OAuth
[2025-06-03 16:22:43Z INFO CredentialManager] Creating credential type: OAuth
[2025-06-03 16:22:43Z INFO RSAFileKeyManager] Loading RSA key parameters from file /Users/admin/Documents/Project/cicdpipeline/code/actions-runner/.credentials_rsaparams
[2025-06-03 16:23:35Z INFO ConfigurationStore] HasCredentials()
[2025-06-03 16:23:35Z INFO ConfigurationStore] stored True
[2025-06-03 16:23:35Z INFO CredentialManager] GetCredentialProvider
[2025-06-03 16:23:35Z INFO CredentialManager] Creating type OAuth
[2025-06-03 16:23:35Z INFO CredentialManager] Creating credential type: OAuth
[2025-06-03 16:23:35Z INFO RSAFileKeyManager] Loading RSA key parameters from file /Users/admin/Documents/Project/cicdpipeline/code/actions-runner/.credentials_rsaparams
[2025-06-03 16:24:26Z INFO ConfigurationStore] HasCredentials()
[2025-06-03 16:24:26Z INFO ConfigurationStore] stored True
[2025-06-03 16:24:26Z INFO CredentialManager] GetCredentialProvider
[2025-06-03 16:24:26Z INFO CredentialManager] Creating type OAuth
[2025-06-03 16:24:26Z INFO CredentialManager] Creating credential type: OAuth
[2025-06-03 16:24:26Z INFO RSAFileKeyManager] Loading RSA key parameters from file /Users/admin/Documents/Project/cicdpipeline/code/actions-runner/.credentials_rsaparams
[2025-06-03 16:25:17Z INFO ConfigurationStore] HasCredentials()
[2025-06-03 16:25:17Z INFO ConfigurationStore] stored True
[2025-06-03 16:25:17Z INFO CredentialManager] GetCredentialProvider
[2025-06-03 16:25:17Z INFO CredentialManager] Creating type OAuth
[2025-06-03 16:25:17Z INFO CredentialManager] Creating credential type: OAuth
[2025-06-03 16:25:17Z INFO RSAFileKeyManager] Loading RSA key parameters from file /Users/admin/Documents/Project/cicdpipeline/code/actions-runner/.credentials_rsaparams
[2025-06-03 16:26:07Z INFO ConfigurationStore] HasCredentials()
[2025-06-03 16:26:07Z INFO ConfigurationStore] stored True
[2025-06-03 16:26:07Z INFO CredentialManager] GetCredentialProvider
[2025-06-03 16:26:07Z INFO CredentialManager] Creating type OAuth
[2025-06-03 16:26:07Z INFO CredentialManager] Creating credential type: OAuth
[2025-06-03 16:26:07Z INFO RSAFileKeyManager] Loading RSA key parameters from file /Users/admin/Documents/Project/cicdpipeline/code/actions-runner/.credentials_rsaparams
[2025-06-03 16:26:58Z INFO ConfigurationStore] HasCredentials()
[2025-06-03 16:26:58Z INFO ConfigurationStore] stored True
[2025-06-03 16:26:58Z INFO CredentialManager] GetCredentialProvider
[2025-06-03 16:26:58Z INFO CredentialManager] Creating type OAuth
[2025-06-03 16:26:58Z INFO CredentialManager] Creating credential type: OAuth
[2025-06-03 16:26:58Z INFO RSAFileKeyManager] Loading RSA key parameters from file /Users/admin/Documents/Project/cicdpipeline/code/actions-runner/.credentials_rsaparams
[2025-06-03 16:27:49Z INFO ConfigurationStore] HasCredentials()
[2025-06-03 16:27:49Z INFO ConfigurationStore] stored True
[2025-06-03 16:27:49Z INFO CredentialManager] GetCredentialProvider
[2025-06-03 16:27:49Z INFO CredentialManager] Creating type OAuth
[2025-06-03 16:27:49Z INFO CredentialManager] Creating credential type: OAuth
[2025-06-03 16:27:49Z INFO RSAFileKeyManager] Loading RSA key parameters from file /Users/admin/Documents/Project/cicdpipeline/code/actions-runner/.credentials_rsaparams
[2025-06-03 16:28:39Z INFO ConfigurationStore] HasCredentials()
[2025-06-03 16:28:39Z INFO ConfigurationStore] stored True
[2025-06-03 16:28:39Z INFO CredentialManager] GetCredentialProvider
[2025-06-03 16:28:39Z INFO CredentialManager] Creating type OAuth
[2025-06-03 16:28:39Z INFO CredentialManager] Creating credential type: OAuth
[2025-06-03 16:28:39Z INFO RSAFileKeyManager] Loading RSA key parameters from file /Users/admin/Documents/Project/cicdpipeline/code/actions-runner/.credentials_rsaparams
[2025-06-03 16:29:30Z INFO ConfigurationStore] HasCredentials()
[2025-06-03 16:29:30Z INFO ConfigurationStore] stored True
[2025-06-03 16:29:30Z INFO CredentialManager] GetCredentialProvider
[2025-06-03 16:29:30Z INFO CredentialManager] Creating type OAuth
[2025-06-03 16:29:30Z INFO CredentialManager] Creating credential type: OAuth
[2025-06-03 16:29:30Z INFO RSAFileKeyManager] Loading RSA key parameters from file /Users/admin/Documents/Project/cicdpipeline/code/actions-runner/.credentials_rsaparams
[2025-06-03 16:30:21Z INFO ConfigurationStore] HasCredentials()
[2025-06-03 16:30:21Z INFO ConfigurationStore] stored True
[2025-06-03 16:30:21Z INFO CredentialManager] GetCredentialProvider
[2025-06-03 16:30:21Z INFO CredentialManager] Creating type OAuth
[2025-06-03 16:30:21Z INFO CredentialManager] Creating credential type: OAuth
[2025-06-03 16:30:21Z INFO RSAFileKeyManager] Loading RSA key parameters from file /Users/admin/Documents/Project/cicdpipeline/code/actions-runner/.credentials_rsaparams
[2025-06-03 16:31:11Z INFO ConfigurationStore] HasCredentials()
[2025-06-03 16:31:11Z INFO ConfigurationStore] stored True
[2025-06-03 16:31:11Z INFO CredentialManager] GetCredentialProvider
[2025-06-03 16:31:11Z INFO CredentialManager] Creating type OAuth
[2025-06-03 16:31:11Z INFO CredentialManager] Creating credential type: OAuth
[2025-06-03 16:31:11Z INFO RSAFileKeyManager] Loading RSA key parameters from file /Users/admin/Documents/Project/cicdpipeline/code/actions-runner/.credentials_rsaparams
[2025-06-03 16:32:02Z INFO ConfigurationStore] HasCredentials()
[2025-06-03 16:32:02Z INFO ConfigurationStore] stored True
[2025-06-03 16:32:02Z INFO CredentialManager] GetCredentialProvider
[2025-06-03 16:32:02Z INFO CredentialManager] Creating type OAuth
[2025-06-03 16:32:02Z INFO CredentialManager] Creating credential type: OAuth
[2025-06-03 16:32:02Z INFO RSAFileKeyManager] Loading RSA key parameters from file /Users/admin/Documents/Project/cicdpipeline/code/actions-runner/.credentials_rsaparams
[2025-06-03 16:32:02Z INFO RSAFileKeyManager] Loading RSA key parameters from file /Users/admin/Documents/Project/cicdpipeline/code/actions-runner/.credentials_rsaparams
[2025-06-03 16:32:04Z INFO GitHubActionsService] AAD Correlation ID for this token request: Unknown
[2025-06-03 16:32:54Z INFO ConfigurationStore] HasCredentials()
[2025-06-03 16:32:54Z INFO ConfigurationStore] stored True
[2025-06-03 16:32:54Z INFO CredentialManager] GetCredentialProvider
[2025-06-03 16:32:54Z INFO CredentialManager] Creating type OAuth
[2025-06-03 16:32:54Z INFO CredentialManager] Creating credential type: OAuth
[2025-06-03 16:32:54Z INFO RSAFileKeyManager] Loading RSA key parameters from file /Users/admin/Documents/Project/cicdpipeline/code/actions-runner/.credentials_rsaparams
[2025-06-03 16:33:45Z INFO ConfigurationStore] HasCredentials()
[2025-06-03 16:33:45Z INFO ConfigurationStore] stored True
[2025-06-03 16:33:45Z INFO CredentialManager] GetCredentialProvider
[2025-06-03 16:33:45Z INFO CredentialManager] Creating type OAuth
[2025-06-03 16:33:45Z INFO CredentialManager] Creating credential type: OAuth
[2025-06-03 16:33:45Z INFO RSAFileKeyManager] Loading RSA key parameters from file /Users/admin/Documents/Project/cicdpipeline/code/actions-runner/.credentials_rsaparams
[2025-06-03 16:34:36Z INFO ConfigurationStore] HasCredentials()
[2025-06-03 16:34:36Z INFO ConfigurationStore] stored True
[2025-06-03 16:34:36Z INFO CredentialManager] GetCredentialProvider
[2025-06-03 16:34:36Z INFO CredentialManager] Creating type OAuth
[2025-06-03 16:34:36Z INFO CredentialManager] Creating credential type: OAuth
[2025-06-03 16:34:36Z INFO RSAFileKeyManager] Loading RSA key parameters from file /Users/admin/Documents/Project/cicdpipeline/code/actions-runner/.credentials_rsaparams
[2025-06-03 16:35:26Z INFO ConfigurationStore] HasCredentials()
[2025-06-03 16:35:26Z INFO ConfigurationStore] stored True
[2025-06-03 16:35:26Z INFO CredentialManager] GetCredentialProvider
[2025-06-03 16:35:26Z INFO CredentialManager] Creating type OAuth
[2025-06-03 16:35:26Z INFO CredentialManager] Creating credential type: OAuth
[2025-06-03 16:35:26Z INFO RSAFileKeyManager] Loading RSA key parameters from file /Users/admin/Documents/Project/cicdpipeline/code/actions-runner/.credentials_rsaparams
[2025-06-03 16:36:17Z INFO RSAFileKeyManager] Loading RSA key parameters from file /Users/admin/Documents/Project/cicdpipeline/code/actions-runner/.credentials_rsaparams
[2025-06-03 16:36:19Z INFO GitHubActionsService] AAD Correlation ID for this token request: Unknown
[2025-06-03 16:36:19Z INFO ConfigurationStore] HasCredentials()
[2025-06-03 16:36:19Z INFO ConfigurationStore] stored True
[2025-06-03 16:36:19Z INFO CredentialManager] GetCredentialProvider
[2025-06-03 16:36:19Z INFO CredentialManager] Creating type OAuth
[2025-06-03 16:36:19Z INFO CredentialManager] Creating credential type: OAuth
[2025-06-03 16:36:19Z INFO RSAFileKeyManager] Loading RSA key parameters from file /Users/admin/Documents/Project/cicdpipeline/code/actions-runner/.credentials_rsaparams
[2025-06-03 16:37:11Z INFO ConfigurationStore] HasCredentials()
[2025-06-03 16:37:11Z INFO ConfigurationStore] stored True
[2025-06-03 16:37:11Z INFO CredentialManager] GetCredentialProvider
[2025-06-03 16:37:11Z INFO CredentialManager] Creating type OAuth
[2025-06-03 16:37:11Z INFO CredentialManager] Creating credential type: OAuth
[2025-06-03 16:37:11Z INFO RSAFileKeyManager] Loading RSA key parameters from file /Users/admin/Documents/Project/cicdpipeline/code/actions-runner/.credentials_rsaparams
[2025-06-03 16:38:02Z INFO ConfigurationStore] HasCredentials()
[2025-06-03 16:38:02Z INFO ConfigurationStore] stored True
[2025-06-03 16:38:02Z INFO CredentialManager] GetCredentialProvider
[2025-06-03 16:38:02Z INFO CredentialManager] Creating type OAuth
[2025-06-03 16:38:02Z INFO CredentialManager] Creating credential type: OAuth
[2025-06-03 16:38:02Z INFO RSAFileKeyManager] Loading RSA key parameters from file /Users/admin/Documents/Project/cicdpipeline/code/actions-runner/.credentials_rsaparams
[2025-06-03 16:38:52Z INFO ConfigurationStore] HasCredentials()
[2025-06-03 16:38:52Z INFO ConfigurationStore] stored True
[2025-06-03 16:38:52Z INFO CredentialManager] GetCredentialProvider
[2025-06-03 16:38:52Z INFO CredentialManager] Creating type OAuth
[2025-06-03 16:38:52Z INFO CredentialManager] Creating credential type: OAuth
[2025-06-03 16:38:52Z INFO RSAFileKeyManager] Loading RSA key parameters from file /Users/admin/Documents/Project/cicdpipeline/code/actions-runner/.credentials_rsaparams
[2025-06-03 16:39:43Z INFO ConfigurationStore] HasCredentials()
[2025-06-03 16:39:43Z INFO ConfigurationStore] stored True
[2025-06-03 16:39:43Z INFO CredentialManager] GetCredentialProvider
[2025-06-03 16:39:43Z INFO CredentialManager] Creating type OAuth
[2025-06-03 16:39:43Z INFO CredentialManager] Creating credential type: OAuth
[2025-06-03 16:39:43Z INFO RSAFileKeyManager] Loading RSA key parameters from file /Users/admin/Documents/Project/cicdpipeline/code/actions-runner/.credentials_rsaparams
[2025-06-03 16:40:33Z INFO ConfigurationStore] HasCredentials()
[2025-06-03 16:40:33Z INFO ConfigurationStore] stored True
[2025-06-03 16:40:33Z INFO CredentialManager] GetCredentialProvider
[2025-06-03 16:40:33Z INFO CredentialManager] Creating type OAuth
[2025-06-03 16:40:33Z INFO CredentialManager] Creating credential type: OAuth
[2025-06-03 16:40:33Z INFO RSAFileKeyManager] Loading RSA key parameters from file /Users/admin/Documents/Project/cicdpipeline/code/actions-runner/.credentials_rsaparams
[2025-06-03 16:41:24Z INFO ConfigurationStore] HasCredentials()
[2025-06-03 16:41:24Z INFO ConfigurationStore] stored True
[2025-06-03 16:41:24Z INFO CredentialManager] GetCredentialProvider
[2025-06-03 16:41:24Z INFO CredentialManager] Creating type OAuth
[2025-06-03 16:41:24Z INFO CredentialManager] Creating credential type: OAuth
[2025-06-03 16:41:24Z INFO RSAFileKeyManager] Loading RSA key parameters from file /Users/admin/Documents/Project/cicdpipeline/code/actions-runner/.credentials_rsaparams
[2025-06-03 16:42:15Z INFO ConfigurationStore] HasCredentials()
[2025-06-03 16:42:15Z INFO ConfigurationStore] stored True
[2025-06-03 16:42:15Z INFO CredentialManager] GetCredentialProvider
[2025-06-03 16:42:15Z INFO CredentialManager] Creating type OAuth
[2025-06-03 16:42:15Z INFO CredentialManager] Creating credential type: OAuth
[2025-06-03 16:42:15Z INFO RSAFileKeyManager] Loading RSA key parameters from file /Users/admin/Documents/Project/cicdpipeline/code/actions-runner/.credentials_rsaparams
[2025-06-03 16:43:06Z INFO ConfigurationStore] HasCredentials()
[2025-06-03 16:43:06Z INFO ConfigurationStore] stored True
[2025-06-03 16:43:06Z INFO CredentialManager] GetCredentialProvider
[2025-06-03 16:43:06Z INFO CredentialManager] Creating type OAuth
[2025-06-03 16:43:06Z INFO CredentialManager] Creating credential type: OAuth
[2025-06-03 16:43:06Z INFO RSAFileKeyManager] Loading RSA key parameters from file /Users/admin/Documents/Project/cicdpipeline/code/actions-runner/.credentials_rsaparams
[2025-06-03 16:43:56Z INFO ConfigurationStore] HasCredentials()
[2025-06-03 16:43:56Z INFO ConfigurationStore] stored True
[2025-06-03 16:43:56Z INFO CredentialManager] GetCredentialProvider
[2025-06-03 16:43:56Z INFO CredentialManager] Creating type OAuth
[2025-06-03 16:43:56Z INFO CredentialManager] Creating credential type: OAuth
[2025-06-03 16:43:56Z INFO RSAFileKeyManager] Loading RSA key parameters from file /Users/admin/Documents/Project/cicdpipeline/code/actions-runner/.credentials_rsaparams
