[2025-06-02 15:15:59Z INFO HostContext] No proxy settings were found based on environmental variables (http_proxy/https_proxy/HTTP_PROXY/HTTPS_PROXY)
[2025-06-02 15:15:59Z INFO HostContext] Well known directory 'Bin': '/Users/admin/Documents/Project/cicdpipeline/code/actions-runner/bin'
[2025-06-02 15:15:59Z INFO HostContext] Well known directory 'Root': '/Users/admin/Documents/Project/cicdpipeline/code/actions-runner'
[2025-06-02 15:15:59Z INFO HostContext] Well known config file 'Credentials': '/Users/admin/Documents/Project/cicdpipeline/code/actions-runner/.credentials'
[2025-06-02 15:15:59Z INFO HostContext] Well known directory 'Bin': '/Users/admin/Documents/Project/cicdpipeline/code/actions-runner/bin'
[2025-06-02 15:15:59Z INFO HostContext] Well known directory 'Root': '/Users/admin/Documents/Project/cicdpipeline/code/actions-runner'
[2025-06-02 15:15:59Z INFO HostContext] Well known config file 'Runner': '/Users/admin/Documents/Project/cicdpipeline/code/actions-runner/.runner'
[2025-06-02 15:15:59Z INFO Listener] Runner is built for OSX (X64) - osx-x64.
[2025-06-02 15:15:59Z INFO Listener] RuntimeInformation: Darwin 24.5.0 Darwin Kernel Version 24.5.0: Tue Apr 22 19:53:26 PDT 2025; root:xnu-11417.121.6~2/RELEASE_X86_64.
[2025-06-02 15:15:59Z INFO Listener] Version: 2.324.0
[2025-06-02 15:15:59Z INFO Listener] Commit: da3412efd49b1cf1a0fbdcbcee4e4ac4cc2177c8
[2025-06-02 15:15:59Z INFO Listener] Culture: en-US
[2025-06-02 15:15:59Z INFO Listener] UI Culture: en-US
[2025-06-02 15:15:59Z INFO HostContext] Well known directory 'Bin': '/Users/admin/Documents/Project/cicdpipeline/code/actions-runner/bin'
[2025-06-02 15:15:59Z INFO HostContext] Well known directory 'Root': '/Users/admin/Documents/Project/cicdpipeline/code/actions-runner'
[2025-06-02 15:15:59Z INFO Listener] Validating directory permissions for: '/Users/admin/Documents/Project/cicdpipeline/code/actions-runner'
[2025-06-02 15:15:59Z INFO CommandLineParser] Parse
[2025-06-02 15:15:59Z INFO CommandLineParser] Parsing 5 args
[2025-06-02 15:15:59Z INFO CommandLineParser] parsing argument
[2025-06-02 15:15:59Z INFO CommandLineParser] HasArgs: False
[2025-06-02 15:15:59Z INFO CommandLineParser] Adding Command: configure
[2025-06-02 15:15:59Z INFO CommandLineParser] parsing argument
[2025-06-02 15:15:59Z INFO CommandLineParser] HasArgs: True
[2025-06-02 15:15:59Z INFO CommandLineParser] arg: url
[2025-06-02 15:15:59Z INFO CommandLineParser] parsing argument
[2025-06-02 15:15:59Z INFO CommandLineParser] HasArgs: True
[2025-06-02 15:15:59Z INFO CommandLineParser] Adding option 'url': 'https://github.com/Okumraymond/cipipelinewithgithubactions'
[2025-06-02 15:15:59Z INFO CommandLineParser] parsing argument
[2025-06-02 15:15:59Z INFO CommandLineParser] HasArgs: True
[2025-06-02 15:15:59Z INFO CommandLineParser] arg: token
[2025-06-02 15:15:59Z INFO CommandLineParser] parsing argument
[2025-06-02 15:15:59Z INFO CommandLineParser] HasArgs: True
[2025-06-02 15:15:59Z INFO CommandLineParser] Adding option 'token': '***'
[2025-06-02 15:15:59Z INFO Listener] Arguments parsed
[2025-06-02 15:15:59Z INFO Runner] ExecuteCommand
[2025-06-02 15:15:59Z INFO ConfigurationStore] currentAssemblyLocation: /Users/admin/Documents/Project/cicdpipeline/code/actions-runner/bin/Runner.Listener.dll
[2025-06-02 15:15:59Z INFO HostContext] Well known directory 'Bin': '/Users/admin/Documents/Project/cicdpipeline/code/actions-runner/bin'
[2025-06-02 15:15:59Z INFO ConfigurationStore] binPath: /Users/admin/Documents/Project/cicdpipeline/code/actions-runner/bin
[2025-06-02 15:15:59Z INFO HostContext] Well known directory 'Bin': '/Users/admin/Documents/Project/cicdpipeline/code/actions-runner/bin'
[2025-06-02 15:15:59Z INFO HostContext] Well known directory 'Root': '/Users/admin/Documents/Project/cicdpipeline/code/actions-runner'
[2025-06-02 15:15:59Z INFO ConfigurationStore] RootFolder: /Users/admin/Documents/Project/cicdpipeline/code/actions-runner
[2025-06-02 15:15:59Z INFO HostContext] Well known directory 'Bin': '/Users/admin/Documents/Project/cicdpipeline/code/actions-runner/bin'
[2025-06-02 15:15:59Z INFO HostContext] Well known directory 'Root': '/Users/admin/Documents/Project/cicdpipeline/code/actions-runner'
[2025-06-02 15:15:59Z INFO HostContext] Well known config file 'Runner': '/Users/admin/Documents/Project/cicdpipeline/code/actions-runner/.runner'
[2025-06-02 15:15:59Z INFO ConfigurationStore] ConfigFilePath: /Users/admin/Documents/Project/cicdpipeline/code/actions-runner/.runner
[2025-06-02 15:15:59Z INFO HostContext] Well known directory 'Bin': '/Users/admin/Documents/Project/cicdpipeline/code/actions-runner/bin'
[2025-06-02 15:15:59Z INFO HostContext] Well known directory 'Root': '/Users/admin/Documents/Project/cicdpipeline/code/actions-runner'
[2025-06-02 15:15:59Z INFO HostContext] Well known config file 'MigratedRunner': '/Users/admin/Documents/Project/cicdpipeline/code/actions-runner/.runner_migrated'
[2025-06-02 15:15:59Z INFO ConfigurationStore] MigratedConfigFilePath: /Users/admin/Documents/Project/cicdpipeline/code/actions-runner/.runner_migrated
[2025-06-02 15:15:59Z INFO HostContext] Well known directory 'Bin': '/Users/admin/Documents/Project/cicdpipeline/code/actions-runner/bin'
[2025-06-02 15:15:59Z INFO HostContext] Well known directory 'Root': '/Users/admin/Documents/Project/cicdpipeline/code/actions-runner'
[2025-06-02 15:15:59Z INFO HostContext] Well known config file 'Credentials': '/Users/admin/Documents/Project/cicdpipeline/code/actions-runner/.credentials'
[2025-06-02 15:15:59Z INFO ConfigurationStore] CredFilePath: /Users/admin/Documents/Project/cicdpipeline/code/actions-runner/.credentials
[2025-06-02 15:15:59Z INFO HostContext] Well known directory 'Bin': '/Users/admin/Documents/Project/cicdpipeline/code/actions-runner/bin'
[2025-06-02 15:15:59Z INFO HostContext] Well known directory 'Root': '/Users/admin/Documents/Project/cicdpipeline/code/actions-runner'
[2025-06-02 15:15:59Z INFO HostContext] Well known config file 'MigratedCredentials': '/Users/admin/Documents/Project/cicdpipeline/code/actions-runner/.credentials_migrated'
[2025-06-02 15:15:59Z INFO ConfigurationStore] MigratedCredFilePath: /Users/admin/Documents/Project/cicdpipeline/code/actions-runner/.credentials_migrated
[2025-06-02 15:15:59Z INFO HostContext] Well known directory 'Bin': '/Users/admin/Documents/Project/cicdpipeline/code/actions-runner/bin'
[2025-06-02 15:15:59Z INFO HostContext] Well known directory 'Root': '/Users/admin/Documents/Project/cicdpipeline/code/actions-runner'
[2025-06-02 15:15:59Z INFO HostContext] Well known config file 'Service': '/Users/admin/Documents/Project/cicdpipeline/code/actions-runner/.service'
[2025-06-02 15:15:59Z INFO ConfigurationStore] ServiceConfigFilePath: /Users/admin/Documents/Project/cicdpipeline/code/actions-runner/.service
[2025-06-02 15:15:59Z INFO CommandSettings] Flag 'help': 'False'
[2025-06-02 15:15:59Z INFO CommandSettings] Flag 'version': 'False'
[2025-06-02 15:15:59Z INFO CommandSettings] Flag 'commit': 'False'
[2025-06-02 15:15:59Z INFO CommandSettings] Flag 'check': 'False'
[2025-06-02 15:15:59Z INFO CommandSettings] Command 'configure': 'True'
[2025-06-02 15:15:59Z INFO Terminal] WRITE LINE: 
[2025-06-02 15:15:59Z INFO Terminal] WRITE LINE: --------------------------------------------------------------------------------
[2025-06-02 15:15:59Z INFO Terminal] WRITE LINE: |        ____ _ _   _   _       _          _        _   _                      |
[2025-06-02 15:15:59Z INFO Terminal] WRITE LINE: |       / ___(_) |_| | | |_   _| |__      / \   ___| |_(_) ___  _ __  ___      |
[2025-06-02 15:15:59Z INFO Terminal] WRITE LINE: |      | |  _| | __| |_| | | | | '_ \    / _ \ / __| __| |/ _ \| '_ \/ __|     |
[2025-06-02 15:15:59Z INFO Terminal] WRITE LINE: |      | |_| | | |_|  _  | |_| | |_) |  / ___ \ (__| |_| | (_) | | | \__ \     |
[2025-06-02 15:15:59Z INFO Terminal] WRITE LINE: |       \____|_|\__|_| |_|\__,_|_.__/  /_/   \_\___|\__|_|\___/|_| |_|___/     |
[2025-06-02 15:15:59Z INFO Terminal] WRITE LINE: |                                                                              |
[2025-06-02 15:15:59Z INFO Terminal] WRITE: |                       
[2025-06-02 15:15:59Z INFO Terminal] WRITE: Self-hosted runner registration
[2025-06-02 15:15:59Z INFO Terminal] WRITE LINE:                         |
[2025-06-02 15:15:59Z INFO Terminal] WRITE LINE: |                                                                              |
[2025-06-02 15:15:59Z INFO Terminal] WRITE LINE: --------------------------------------------------------------------------------
[2025-06-02 15:15:59Z INFO ConfigurationManager] ConfigureAsync
[2025-06-02 15:15:59Z INFO CommandSettings] Flag 'generateServiceConfig': 'False'
[2025-06-02 15:15:59Z INFO ConfigurationStore] IsConfigured()
[2025-06-02 15:15:59Z INFO ConfigurationStore] IsConfigured: False
[2025-06-02 15:15:59Z INFO ConfigurationManager] Is configured: False
[2025-06-02 15:15:59Z INFO CommandSettings] Arg 'url': 'https://github.com/Okumraymond/cipipelinewithgithubactions'
[2025-06-02 15:15:59Z INFO CommandSettings] Remove url from Arg dictionary.
[2025-06-02 15:15:59Z INFO CommandSettings] Arg 'token': '***'
[2025-06-02 15:15:59Z INFO CommandSettings] Remove token from Arg dictionary.
[2025-06-02 15:16:18Z INFO ConfigurationManager] Http response code: OK from 'POST https://api.github.com/actions/runner-registration' (A3E4:50A52:916B28B:962B7BB:683DC039)
[2025-06-02 15:16:18Z INFO ConfigurationManager] Using V2 flow: False
[2025-06-02 15:16:18Z INFO ConfigurationManager] cred retrieved via GitHub auth
[2025-06-02 15:16:18Z INFO RunnerServer] EstablishVssConnection
[2025-06-02 15:16:18Z INFO RunnerServer] Establish connection with 100 seconds timeout.
[2025-06-02 15:16:22Z INFO GitHubActionsService] Starting operation Location.GetConnectionData
[2025-06-02 15:16:22Z INFO RunnerServer] EstablishVssConnection
[2025-06-02 15:16:22Z INFO RunnerServer] Establish connection with 60 seconds timeout.
[2025-06-02 15:16:22Z INFO GitHubActionsService] Starting operation Location.GetConnectionData
[2025-06-02 15:16:22Z INFO RunnerServer] EstablishVssConnection
[2025-06-02 15:16:22Z INFO RunnerServer] Establish connection with 60 seconds timeout.
[2025-06-02 15:16:22Z INFO GitHubActionsService] Starting operation Location.GetConnectionData
[2025-06-02 15:16:36Z ERR  GitHubActionsService] GET request to https://pipelinesghubeus4.actions.githubusercontent.com/GEZslW8KBnH5tf58r4JvTnymsSzzw3mHUeSwZiUwzgqk64I0c9/_apis/connectionData?connectOptions=1&lastChangeId=-1&lastChangeId64=-1 failed. System.Net.Http.HttpRequestException: The SSL connection could not be established, see inner exception.
 ---> System.IO.IOException: Received an unexpected EOF or 0 bytes from the transport stream.
   at System.Net.Security.SslStream.ReceiveHandshakeFrameAsync[TIOAdapter](CancellationToken cancellationToken)
   at System.Net.Security.SslStream.ForceAuthenticationAsync[TIOAdapter](Boolean receiveFirst, Byte[] reAuthenticationData, CancellationToken cancellationToken)
   at System.Net.Http.ConnectHelper.EstablishSslConnectionAsync(SslClientAuthenticationOptions sslOptions, HttpRequestMessage request, Boolean async, Stream stream, CancellationToken cancellationToken)
   --- End of inner exception stack trace ---
   at System.Net.Http.ConnectHelper.EstablishSslConnectionAsync(SslClientAuthenticationOptions sslOptions, HttpRequestMessage request, Boolean async, Stream stream, CancellationToken cancellationToken)
   at System.Net.Http.HttpConnectionPool.ConnectAsync(HttpRequestMessage request, Boolean async, CancellationToken cancellationToken)
   at System.Net.Http.HttpConnectionPool.CreateHttp11ConnectionAsync(HttpRequestMessage request, Boolean async, CancellationToken cancellationToken)
   at System.Net.Http.HttpConnectionPool.AddHttp11ConnectionAsync(QueueItem queueItem)
   at System.Threading.Tasks.TaskCompletionSourceWithCancellation`1.WaitWithCancellationAsync(CancellationToken cancellationToken)
   at System.Net.Http.HttpConnectionPool.SendWithVersionDetectionAndRetryAsync(HttpRequestMessage request, Boolean async, Boolean doRequestAuth, CancellationToken cancellationToken)
   at System.Net.Http.AuthenticationHelper.SendWithAuthAsync(HttpRequestMessage request, Uri authUri, Boolean async, ICredentials credentials, Boolean preAuthenticate, Boolean isProxyAuth, Boolean doRequestAuth, HttpConnectionPool pool, CancellationToken cancellationToken)
   at System.Net.Http.DecompressionHandler.SendAsync(HttpRequestMessage request, Boolean async, CancellationToken cancellationToken)
   at GitHub.Services.Common.VssHttpMessageHandler.SendAsync(HttpRequestMessage request, CancellationToken cancellationToken)
   at GitHub.Services.Common.VssHttpRetryMessageHandler.SendAsync(HttpRequestMessage request, CancellationToken cancellationToken)
[2025-06-02 15:16:36Z ERR  GitHubActionsService] GET request to https://pipelinesghubeus4.actions.githubusercontent.com/GEZslW8KBnH5tf58r4JvTnymsSzzw3mHUeSwZiUwzgqk64I0c9/_apis/connectionData?connectOptions=1&lastChangeId=-1&lastChangeId64=-1 failed. System.Net.Http.HttpRequestException: The SSL connection could not be established, see inner exception.
 ---> System.IO.IOException: Received an unexpected EOF or 0 bytes from the transport stream.
   at System.Net.Security.SslStream.ReceiveHandshakeFrameAsync[TIOAdapter](CancellationToken cancellationToken)
   at System.Net.Security.SslStream.ForceAuthenticationAsync[TIOAdapter](Boolean receiveFirst, Byte[] reAuthenticationData, CancellationToken cancellationToken)
   at System.Net.Http.ConnectHelper.EstablishSslConnectionAsync(SslClientAuthenticationOptions sslOptions, HttpRequestMessage request, Boolean async, Stream stream, CancellationToken cancellationToken)
   --- End of inner exception stack trace ---
   at System.Net.Http.ConnectHelper.EstablishSslConnectionAsync(SslClientAuthenticationOptions sslOptions, HttpRequestMessage request, Boolean async, Stream stream, CancellationToken cancellationToken)
   at System.Net.Http.HttpConnectionPool.ConnectAsync(HttpRequestMessage request, Boolean async, CancellationToken cancellationToken)
   at System.Net.Http.HttpConnectionPool.CreateHttp11ConnectionAsync(HttpRequestMessage request, Boolean async, CancellationToken cancellationToken)
   at System.Net.Http.HttpConnectionPool.AddHttp11ConnectionAsync(QueueItem queueItem)
   at System.Threading.Tasks.TaskCompletionSourceWithCancellation`1.WaitWithCancellationAsync(CancellationToken cancellationToken)
   at System.Net.Http.HttpConnectionPool.SendWithVersionDetectionAndRetryAsync(HttpRequestMessage request, Boolean async, Boolean doRequestAuth, CancellationToken cancellationToken)
   at System.Net.Http.AuthenticationHelper.SendWithAuthAsync(HttpRequestMessage request, Uri authUri, Boolean async, ICredentials credentials, Boolean preAuthenticate, Boolean isProxyAuth, Boolean doRequestAuth, HttpConnectionPool pool, CancellationToken cancellationToken)
   at System.Net.Http.DecompressionHandler.SendAsync(HttpRequestMessage request, Boolean async, CancellationToken cancellationToken)
   at GitHub.Services.Common.VssHttpMessageHandler.SendAsync(HttpRequestMessage request, CancellationToken cancellationToken)
   at GitHub.Services.Common.VssHttpRetryMessageHandler.SendAsync(HttpRequestMessage request, CancellationToken cancellationToken)
[2025-06-02 15:16:36Z ERR  GitHubActionsService] GET request to https://pipelinesghubeus4.actions.githubusercontent.com/GEZslW8KBnH5tf58r4JvTnymsSzzw3mHUeSwZiUwzgqk64I0c9/_apis/connectionData?connectOptions=1&lastChangeId=-1&lastChangeId64=-1 failed. System.Net.Http.HttpRequestException: The SSL connection could not be established, see inner exception.
 ---> System.IO.IOException: Received an unexpected EOF or 0 bytes from the transport stream.
   at System.Net.Security.SslStream.ReceiveHandshakeFrameAsync[TIOAdapter](CancellationToken cancellationToken)
   at System.Net.Security.SslStream.ForceAuthenticationAsync[TIOAdapter](Boolean receiveFirst, Byte[] reAuthenticationData, CancellationToken cancellationToken)
   at System.Net.Http.ConnectHelper.EstablishSslConnectionAsync(SslClientAuthenticationOptions sslOptions, HttpRequestMessage request, Boolean async, Stream stream, CancellationToken cancellationToken)
   --- End of inner exception stack trace ---
   at System.Net.Http.ConnectHelper.EstablishSslConnectionAsync(SslClientAuthenticationOptions sslOptions, HttpRequestMessage request, Boolean async, Stream stream, CancellationToken cancellationToken)
   at System.Net.Http.HttpConnectionPool.ConnectAsync(HttpRequestMessage request, Boolean async, CancellationToken cancellationToken)
   at System.Net.Http.HttpConnectionPool.CreateHttp11ConnectionAsync(HttpRequestMessage request, Boolean async, CancellationToken cancellationToken)
   at System.Net.Http.HttpConnectionPool.AddHttp11ConnectionAsync(QueueItem queueItem)
   at System.Threading.Tasks.TaskCompletionSourceWithCancellation`1.WaitWithCancellationAsync(CancellationToken cancellationToken)
   at System.Net.Http.HttpConnectionPool.SendWithVersionDetectionAndRetryAsync(HttpRequestMessage request, Boolean async, Boolean doRequestAuth, CancellationToken cancellationToken)
   at System.Net.Http.AuthenticationHelper.SendWithAuthAsync(HttpRequestMessage request, Uri authUri, Boolean async, ICredentials credentials, Boolean preAuthenticate, Boolean isProxyAuth, Boolean doRequestAuth, HttpConnectionPool pool, CancellationToken cancellationToken)
   at System.Net.Http.DecompressionHandler.SendAsync(HttpRequestMessage request, Boolean async, CancellationToken cancellationToken)
   at GitHub.Services.Common.VssHttpMessageHandler.SendAsync(HttpRequestMessage request, CancellationToken cancellationToken)
   at GitHub.Services.Common.VssHttpRetryMessageHandler.SendAsync(HttpRequestMessage request, CancellationToken cancellationToken)
[2025-06-02 15:16:36Z INFO GitHubActionsService] Finished operation Location.GetConnectionData
[2025-06-02 15:16:36Z INFO GitHubActionsService] Finished operation Location.GetConnectionData
[2025-06-02 15:16:36Z INFO GitHubActionsService] Finished operation Location.GetConnectionData
[2025-06-02 15:16:36Z INFO RunnerServer] Catch exception during connect. 4 attempt left.
[2025-06-02 15:16:36Z INFO RunnerServer] Catch exception during connect. 4 attempt left.
[2025-06-02 15:16:36Z INFO RunnerServer] Catch exception during connect. 4 attempt left.
[2025-06-02 15:16:36Z ERR  RunnerServer] System.Net.Http.HttpRequestException: The SSL connection could not be established, see inner exception.
 ---> System.IO.IOException: Received an unexpected EOF or 0 bytes from the transport stream.
   at System.Net.Security.SslStream.ReceiveHandshakeFrameAsync[TIOAdapter](CancellationToken cancellationToken)
   at System.Net.Security.SslStream.ForceAuthenticationAsync[TIOAdapter](Boolean receiveFirst, Byte[] reAuthenticationData, CancellationToken cancellationToken)
   at System.Net.Http.ConnectHelper.EstablishSslConnectionAsync(SslClientAuthenticationOptions sslOptions, HttpRequestMessage request, Boolean async, Stream stream, CancellationToken cancellationToken)
   --- End of inner exception stack trace ---
   at GitHub.Services.Common.VssHttpRetryMessageHandler.SendAsync(HttpRequestMessage request, CancellationToken cancellationToken)
   at System.Net.Http.HttpClient.<SendAsync>g__Core|83_0(HttpRequestMessage request, HttpCompletionOption completionOption, CancellationTokenSource cts, Boolean disposeCts, CancellationTokenSource pendingRequestsCts, CancellationToken originalCancellationToken)
   at GitHub.Services.WebApi.VssHttpClientBase.SendAsync(HttpRequestMessage message, HttpCompletionOption completionOption, Object userState, CancellationToken cancellationToken)
   at GitHub.Services.WebApi.VssHttpClientBase.SendAsync[T](HttpRequestMessage message, Object userState, CancellationToken cancellationToken)
   at GitHub.Services.Location.Client.LocationHttpClient.GetConnectionDataAsync(ConnectOptions connectOptions, Int64 lastChangeId, CancellationToken cancellationToken, Object userState)
   at GitHub.Services.WebApi.Location.VssServerDataProvider.GetConnectionDataAsync(ConnectOptions connectOptions, Int32 lastChangeId, CancellationToken cancellationToken)
   at GitHub.Services.WebApi.Location.VssServerDataProvider.ConnectAsync(ConnectOptions connectOptions, CancellationToken cancellationToken)
   at GitHub.Runner.Common.RunnerService.EstablishVssConnection(Uri serverUrl, VssCredentials credentials, TimeSpan timeout)
[2025-06-02 15:16:36Z ERR  RunnerServer] #####################################################
[2025-06-02 15:16:36Z ERR  RunnerServer] System.Net.Http.HttpRequestException: The SSL connection could not be established, see inner exception.
 ---> System.IO.IOException: Received an unexpected EOF or 0 bytes from the transport stream.
   at System.Net.Security.SslStream.ReceiveHandshakeFrameAsync[TIOAdapter](CancellationToken cancellationToken)
   at System.Net.Security.SslStream.ForceAuthenticationAsync[TIOAdapter](Boolean receiveFirst, Byte[] reAuthenticationData, CancellationToken cancellationToken)
   at System.Net.Http.ConnectHelper.EstablishSslConnectionAsync(SslClientAuthenticationOptions sslOptions, HttpRequestMessage request, Boolean async, Stream stream, CancellationToken cancellationToken)
   --- End of inner exception stack trace ---
   at GitHub.Services.Common.VssHttpRetryMessageHandler.SendAsync(HttpRequestMessage request, CancellationToken cancellationToken)
   at System.Net.Http.HttpClient.<SendAsync>g__Core|83_0(HttpRequestMessage request, HttpCompletionOption completionOption, CancellationTokenSource cts, Boolean disposeCts, CancellationTokenSource pendingRequestsCts, CancellationToken originalCancellationToken)
   at GitHub.Services.WebApi.VssHttpClientBase.SendAsync(HttpRequestMessage message, HttpCompletionOption completionOption, Object userState, CancellationToken cancellationToken)
   at GitHub.Services.WebApi.VssHttpClientBase.SendAsync[T](HttpRequestMessage message, Object userState, CancellationToken cancellationToken)
   at GitHub.Services.Location.Client.LocationHttpClient.GetConnectionDataAsync(ConnectOptions connectOptions, Int64 lastChangeId, CancellationToken cancellationToken, Object userState)
   at GitHub.Services.WebApi.Location.VssServerDataProvider.GetConnectionDataAsync(ConnectOptions connectOptions, Int32 lastChangeId, CancellationToken cancellationToken)
   at GitHub.Services.WebApi.Location.VssServerDataProvider.ConnectAsync(ConnectOptions connectOptions, CancellationToken cancellationToken)
   at GitHub.Runner.Common.RunnerService.EstablishVssConnection(Uri serverUrl, VssCredentials credentials, TimeSpan timeout)
[2025-06-02 15:16:36Z ERR  RunnerServer] System.Net.Http.HttpRequestException: The SSL connection could not be established, see inner exception.
 ---> System.IO.IOException: Received an unexpected EOF or 0 bytes from the transport stream.
   at System.Net.Security.SslStream.ReceiveHandshakeFrameAsync[TIOAdapter](CancellationToken cancellationToken)
   at System.Net.Security.SslStream.ForceAuthenticationAsync[TIOAdapter](Boolean receiveFirst, Byte[] reAuthenticationData, CancellationToken cancellationToken)
   at System.Net.Http.ConnectHelper.EstablishSslConnectionAsync(SslClientAuthenticationOptions sslOptions, HttpRequestMessage request, Boolean async, Stream stream, CancellationToken cancellationToken)
   --- End of inner exception stack trace ---
   at GitHub.Services.Common.VssHttpRetryMessageHandler.SendAsync(HttpRequestMessage request, CancellationToken cancellationToken)
   at System.Net.Http.HttpClient.<SendAsync>g__Core|83_0(HttpRequestMessage request, HttpCompletionOption completionOption, CancellationTokenSource cts, Boolean disposeCts, CancellationTokenSource pendingRequestsCts, CancellationToken originalCancellationToken)
   at GitHub.Services.WebApi.VssHttpClientBase.SendAsync(HttpRequestMessage message, HttpCompletionOption completionOption, Object userState, CancellationToken cancellationToken)
   at GitHub.Services.WebApi.VssHttpClientBase.SendAsync[T](HttpRequestMessage message, Object userState, CancellationToken cancellationToken)
   at GitHub.Services.Location.Client.LocationHttpClient.GetConnectionDataAsync(ConnectOptions connectOptions, Int64 lastChangeId, CancellationToken cancellationToken, Object userState)
   at GitHub.Services.WebApi.Location.VssServerDataProvider.GetConnectionDataAsync(ConnectOptions connectOptions, Int32 lastChangeId, CancellationToken cancellationToken)
   at GitHub.Services.WebApi.Location.VssServerDataProvider.ConnectAsync(ConnectOptions connectOptions, CancellationToken cancellationToken)
   at GitHub.Runner.Common.RunnerService.EstablishVssConnection(Uri serverUrl, VssCredentials credentials, TimeSpan timeout)
[2025-06-02 15:16:36Z ERR  RunnerServer] #####################################################
[2025-06-02 15:16:36Z ERR  RunnerServer] #####################################################
[2025-06-02 15:16:36Z ERR  RunnerServer] System.IO.IOException: Received an unexpected EOF or 0 bytes from the transport stream.
   at System.Net.Security.SslStream.ReceiveHandshakeFrameAsync[TIOAdapter](CancellationToken cancellationToken)
   at System.Net.Security.SslStream.ForceAuthenticationAsync[TIOAdapter](Boolean receiveFirst, Byte[] reAuthenticationData, CancellationToken cancellationToken)
   at System.Net.Http.ConnectHelper.EstablishSslConnectionAsync(SslClientAuthenticationOptions sslOptions, HttpRequestMessage request, Boolean async, Stream stream, CancellationToken cancellationToken)
[2025-06-02 15:16:36Z ERR  RunnerServer] System.IO.IOException: Received an unexpected EOF or 0 bytes from the transport stream.
   at System.Net.Security.SslStream.ReceiveHandshakeFrameAsync[TIOAdapter](CancellationToken cancellationToken)
   at System.Net.Security.SslStream.ForceAuthenticationAsync[TIOAdapter](Boolean receiveFirst, Byte[] reAuthenticationData, CancellationToken cancellationToken)
   at System.Net.Http.ConnectHelper.EstablishSslConnectionAsync(SslClientAuthenticationOptions sslOptions, HttpRequestMessage request, Boolean async, Stream stream, CancellationToken cancellationToken)
[2025-06-02 15:16:36Z ERR  RunnerServer] System.IO.IOException: Received an unexpected EOF or 0 bytes from the transport stream.
   at System.Net.Security.SslStream.ReceiveHandshakeFrameAsync[TIOAdapter](CancellationToken cancellationToken)
   at System.Net.Security.SslStream.ForceAuthenticationAsync[TIOAdapter](Boolean receiveFirst, Byte[] reAuthenticationData, CancellationToken cancellationToken)
   at System.Net.Http.ConnectHelper.EstablishSslConnectionAsync(SslClientAuthenticationOptions sslOptions, HttpRequestMessage request, Boolean async, Stream stream, CancellationToken cancellationToken)
[2025-06-02 15:16:36Z INFO GitHubActionsService] Starting operation Location.GetConnectionData
[2025-06-02 15:16:36Z INFO GitHubActionsService] Starting operation Location.GetConnectionData
[2025-06-02 15:16:36Z INFO GitHubActionsService] Starting operation Location.GetConnectionData
[2025-06-02 15:16:50Z INFO GitHubActionsService] Finished operation Location.GetConnectionData
[2025-06-02 15:16:50Z INFO GitHubActionsService] Finished operation Location.GetConnectionData
[2025-06-02 15:16:50Z INFO GitHubActionsService] Finished operation Location.GetConnectionData
[2025-06-02 15:16:50Z INFO Terminal] WRITE LINE: 
[2025-06-02 15:16:50Z INFO ConfigurationManager] Test Connection complete.
[2025-06-02 15:16:50Z INFO HostContext] Well known directory 'Bin': '/Users/admin/Documents/Project/cicdpipeline/code/actions-runner/bin'
[2025-06-02 15:16:50Z INFO HostContext] Well known directory 'Root': '/Users/admin/Documents/Project/cicdpipeline/code/actions-runner'
[2025-06-02 15:16:50Z INFO HostContext] Well known config file 'RSACredentials': '/Users/admin/Documents/Project/cicdpipeline/code/actions-runner/.credentials_rsaparams'
[2025-06-02 15:16:50Z INFO RSAFileKeyManager] Creating new RSA key using 2048-bit key length
[2025-06-02 15:16:50Z INFO RSAFileKeyManager] Successfully saved RSA key parameters to file /Users/admin/Documents/Project/cicdpipeline/code/actions-runner/.credentials_rsaparams
[2025-06-02 15:16:50Z INFO RSAFileKeyManager] Which2: 'chmod'
[2025-06-02 15:16:50Z INFO RSAFileKeyManager] Location: '/bin/chmod'
[2025-06-02 15:16:50Z INFO HostContext] Well known directory 'Bin': '/Users/admin/Documents/Project/cicdpipeline/code/actions-runner/bin'
[2025-06-02 15:16:50Z INFO HostContext] Well known directory 'Root': '/Users/admin/Documents/Project/cicdpipeline/code/actions-runner'
[2025-06-02 15:16:50Z INFO ProcessInvokerWrapper] Starting process:
[2025-06-02 15:16:50Z INFO ProcessInvokerWrapper]   File name: '/bin/chmod'
[2025-06-02 15:16:50Z INFO ProcessInvokerWrapper]   Arguments: '600 /Users/admin/Documents/Project/cicdpipeline/code/actions-runner/.credentials_rsaparams'
[2025-06-02 15:16:50Z INFO ProcessInvokerWrapper]   Working directory: '/Users/admin/Documents/Project/cicdpipeline/code/actions-runner'
[2025-06-02 15:16:50Z INFO ProcessInvokerWrapper]   Require exit code zero: 'False'
[2025-06-02 15:16:50Z INFO ProcessInvokerWrapper]   Encoding web name:  ; code page: ''
[2025-06-02 15:16:50Z INFO ProcessInvokerWrapper]   Force kill process on cancellation: 'False'
[2025-06-02 15:16:50Z INFO ProcessInvokerWrapper]   Redirected STDIN: 'False'
[2025-06-02 15:16:50Z INFO ProcessInvokerWrapper]   Persist current code page: 'False'
[2025-06-02 15:16:50Z INFO ProcessInvokerWrapper]   Keep redirected STDIN open: 'False'
[2025-06-02 15:16:50Z INFO ProcessInvokerWrapper]   High priority process: 'False'
[2025-06-02 15:16:50Z INFO ProcessInvokerWrapper] Process started with process id 22552, waiting for process exit.
[2025-06-02 15:16:50Z INFO ProcessInvokerWrapper] STDOUT/STDERR stream read finished.
[2025-06-02 15:16:50Z INFO ProcessInvokerWrapper] STDOUT/STDERR stream read finished.
[2025-06-02 15:16:50Z INFO ProcessInvokerWrapper] Finished process 22552 with exit code 0, and elapsed time 00:00:00.2169818.
[2025-06-02 15:16:50Z INFO RSAFileKeyManager] Successfully set permissions for RSA key parameters file /Users/admin/Documents/Project/cicdpipeline/code/actions-runner/.credentials_rsaparams
[2025-06-02 15:16:56Z INFO CommandSettings] Arg 'runnergroup': ''
[2025-06-02 15:16:56Z INFO CommandSettings] Flag 'unattended': 'False'
[2025-06-02 15:16:56Z INFO PromptManager] ReadValue
[2025-06-02 15:16:56Z INFO Terminal] WRITE: Enter the name of the runner group to add this runner to: 
[2025-06-02 15:16:56Z INFO Terminal] WRITE: [press Enter for Default] 
[2025-06-02 15:16:56Z INFO Terminal] READ LINE
[2025-06-02 15:16:56Z INFO Terminal] Read value: 'Infinity450£'
[2025-06-02 15:16:56Z INFO Terminal] WRITE LINE: 
[2025-06-02 15:16:56Z ERR  Runner] GitHub.DistributedTask.WebApi.TaskAgentPoolNotFoundException: Could not find any self-hosted runner group named "Infinity450£".
   at GitHub.Runner.Listener.Configuration.ConfigurationManager.ConfigureAsync(CommandSettings command)
   at GitHub.Runner.Listener.Runner.ExecuteCommand(CommandSettings command)
[2025-06-02 15:16:56Z ERR  Terminal] WRITE ERROR: Could not find any self-hosted runner group named "Infinity450£".
[2025-06-02 15:16:56Z INFO Listener] Runner execution has finished with return code 1
