[2025-06-02 15:17:17Z INFO HostContext] No proxy settings were found based on environmental variables (http_proxy/https_proxy/HTTP_PROXY/HTTPS_PROXY)
[2025-06-02 15:17:17Z INFO HostContext] Well known directory 'Bin': '/Users/admin/Documents/Project/cicdpipeline/code/actions-runner/bin'
[2025-06-02 15:17:17Z INFO HostContext] Well known directory 'Root': '/Users/admin/Documents/Project/cicdpipeline/code/actions-runner'
[2025-06-02 15:17:17Z INFO HostContext] Well known config file 'Credentials': '/Users/admin/Documents/Project/cicdpipeline/code/actions-runner/.credentials'
[2025-06-02 15:17:17Z INFO HostContext] Well known directory 'Bin': '/Users/admin/Documents/Project/cicdpipeline/code/actions-runner/bin'
[2025-06-02 15:17:17Z INFO HostContext] Well known directory 'Root': '/Users/admin/Documents/Project/cicdpipeline/code/actions-runner'
[2025-06-02 15:17:17Z INFO HostContext] Well known config file 'Runner': '/Users/admin/Documents/Project/cicdpipeline/code/actions-runner/.runner'
[2025-06-02 15:17:17Z INFO Listener] Runner is built for OSX (X64) - osx-x64.
[2025-06-02 15:17:17Z INFO Listener] RuntimeInformation: Darwin 24.5.0 Darwin Kernel Version 24.5.0: Tue Apr 22 19:53:26 PDT 2025; root:xnu-11417.121.6~2/RELEASE_X86_64.
[2025-06-02 15:17:17Z INFO Listener] Version: 2.324.0
[2025-06-02 15:17:17Z INFO Listener] Commit: da3412efd49b1cf1a0fbdcbcee4e4ac4cc2177c8
[2025-06-02 15:17:17Z INFO Listener] Culture: en-US
[2025-06-02 15:17:17Z INFO Listener] UI Culture: en-US
[2025-06-02 15:17:17Z INFO HostContext] Well known directory 'Bin': '/Users/admin/Documents/Project/cicdpipeline/code/actions-runner/bin'
[2025-06-02 15:17:17Z INFO HostContext] Well known directory 'Root': '/Users/admin/Documents/Project/cicdpipeline/code/actions-runner'
[2025-06-02 15:17:17Z INFO Listener] Validating directory permissions for: '/Users/admin/Documents/Project/cicdpipeline/code/actions-runner'
[2025-06-02 15:17:17Z INFO CommandLineParser] Parse
[2025-06-02 15:17:17Z INFO CommandLineParser] Parsing 5 args
[2025-06-02 15:17:17Z INFO CommandLineParser] parsing argument
[2025-06-02 15:17:17Z INFO CommandLineParser] HasArgs: False
[2025-06-02 15:17:17Z INFO CommandLineParser] Adding Command: configure
[2025-06-02 15:17:17Z INFO CommandLineParser] parsing argument
[2025-06-02 15:17:17Z INFO CommandLineParser] HasArgs: True
[2025-06-02 15:17:17Z INFO CommandLineParser] arg: url
[2025-06-02 15:17:17Z INFO CommandLineParser] parsing argument
[2025-06-02 15:17:17Z INFO CommandLineParser] HasArgs: True
[2025-06-02 15:17:17Z INFO CommandLineParser] Adding option 'url': 'https://github.com/Okumraymond/cipipelinewithgithubactions'
[2025-06-02 15:17:17Z INFO CommandLineParser] parsing argument
[2025-06-02 15:17:17Z INFO CommandLineParser] HasArgs: True
[2025-06-02 15:17:17Z INFO CommandLineParser] arg: token
[2025-06-02 15:17:17Z INFO CommandLineParser] parsing argument
[2025-06-02 15:17:17Z INFO CommandLineParser] HasArgs: True
[2025-06-02 15:17:17Z INFO CommandLineParser] Adding option 'token': '***'
[2025-06-02 15:17:17Z INFO Listener] Arguments parsed
[2025-06-02 15:17:17Z INFO Runner] ExecuteCommand
[2025-06-02 15:17:17Z INFO ConfigurationStore] currentAssemblyLocation: /Users/admin/Documents/Project/cicdpipeline/code/actions-runner/bin/Runner.Listener.dll
[2025-06-02 15:17:17Z INFO HostContext] Well known directory 'Bin': '/Users/admin/Documents/Project/cicdpipeline/code/actions-runner/bin'
[2025-06-02 15:17:17Z INFO ConfigurationStore] binPath: /Users/admin/Documents/Project/cicdpipeline/code/actions-runner/bin
[2025-06-02 15:17:17Z INFO HostContext] Well known directory 'Bin': '/Users/admin/Documents/Project/cicdpipeline/code/actions-runner/bin'
[2025-06-02 15:17:17Z INFO HostContext] Well known directory 'Root': '/Users/admin/Documents/Project/cicdpipeline/code/actions-runner'
[2025-06-02 15:17:17Z INFO ConfigurationStore] RootFolder: /Users/admin/Documents/Project/cicdpipeline/code/actions-runner
[2025-06-02 15:17:17Z INFO HostContext] Well known directory 'Bin': '/Users/admin/Documents/Project/cicdpipeline/code/actions-runner/bin'
[2025-06-02 15:17:17Z INFO HostContext] Well known directory 'Root': '/Users/admin/Documents/Project/cicdpipeline/code/actions-runner'
[2025-06-02 15:17:17Z INFO HostContext] Well known config file 'Runner': '/Users/admin/Documents/Project/cicdpipeline/code/actions-runner/.runner'
[2025-06-02 15:17:17Z INFO ConfigurationStore] ConfigFilePath: /Users/admin/Documents/Project/cicdpipeline/code/actions-runner/.runner
[2025-06-02 15:17:17Z INFO HostContext] Well known directory 'Bin': '/Users/admin/Documents/Project/cicdpipeline/code/actions-runner/bin'
[2025-06-02 15:17:17Z INFO HostContext] Well known directory 'Root': '/Users/admin/Documents/Project/cicdpipeline/code/actions-runner'
[2025-06-02 15:17:17Z INFO HostContext] Well known config file 'MigratedRunner': '/Users/admin/Documents/Project/cicdpipeline/code/actions-runner/.runner_migrated'
[2025-06-02 15:17:17Z INFO ConfigurationStore] MigratedConfigFilePath: /Users/admin/Documents/Project/cicdpipeline/code/actions-runner/.runner_migrated
[2025-06-02 15:17:17Z INFO HostContext] Well known directory 'Bin': '/Users/admin/Documents/Project/cicdpipeline/code/actions-runner/bin'
[2025-06-02 15:17:17Z INFO HostContext] Well known directory 'Root': '/Users/admin/Documents/Project/cicdpipeline/code/actions-runner'
[2025-06-02 15:17:17Z INFO HostContext] Well known config file 'Credentials': '/Users/admin/Documents/Project/cicdpipeline/code/actions-runner/.credentials'
[2025-06-02 15:17:17Z INFO ConfigurationStore] CredFilePath: /Users/admin/Documents/Project/cicdpipeline/code/actions-runner/.credentials
[2025-06-02 15:17:17Z INFO HostContext] Well known directory 'Bin': '/Users/admin/Documents/Project/cicdpipeline/code/actions-runner/bin'
[2025-06-02 15:17:17Z INFO HostContext] Well known directory 'Root': '/Users/admin/Documents/Project/cicdpipeline/code/actions-runner'
[2025-06-02 15:17:17Z INFO HostContext] Well known config file 'MigratedCredentials': '/Users/admin/Documents/Project/cicdpipeline/code/actions-runner/.credentials_migrated'
[2025-06-02 15:17:17Z INFO ConfigurationStore] MigratedCredFilePath: /Users/admin/Documents/Project/cicdpipeline/code/actions-runner/.credentials_migrated
[2025-06-02 15:17:17Z INFO HostContext] Well known directory 'Bin': '/Users/admin/Documents/Project/cicdpipeline/code/actions-runner/bin'
[2025-06-02 15:17:17Z INFO HostContext] Well known directory 'Root': '/Users/admin/Documents/Project/cicdpipeline/code/actions-runner'
[2025-06-02 15:17:17Z INFO HostContext] Well known config file 'Service': '/Users/admin/Documents/Project/cicdpipeline/code/actions-runner/.service'
[2025-06-02 15:17:17Z INFO ConfigurationStore] ServiceConfigFilePath: /Users/admin/Documents/Project/cicdpipeline/code/actions-runner/.service
[2025-06-02 15:17:17Z INFO CommandSettings] Flag 'help': 'False'
[2025-06-02 15:17:17Z INFO CommandSettings] Flag 'version': 'False'
[2025-06-02 15:17:17Z INFO CommandSettings] Flag 'commit': 'False'
[2025-06-02 15:17:17Z INFO CommandSettings] Flag 'check': 'False'
[2025-06-02 15:17:17Z INFO CommandSettings] Command 'configure': 'True'
[2025-06-02 15:17:17Z INFO Terminal] WRITE LINE: 
[2025-06-02 15:17:17Z INFO Terminal] WRITE LINE: --------------------------------------------------------------------------------
[2025-06-02 15:17:17Z INFO Terminal] WRITE LINE: |        ____ _ _   _   _       _          _        _   _                      |
[2025-06-02 15:17:17Z INFO Terminal] WRITE LINE: |       / ___(_) |_| | | |_   _| |__      / \   ___| |_(_) ___  _ __  ___      |
[2025-06-02 15:17:17Z INFO Terminal] WRITE LINE: |      | |  _| | __| |_| | | | | '_ \    / _ \ / __| __| |/ _ \| '_ \/ __|     |
[2025-06-02 15:17:17Z INFO Terminal] WRITE LINE: |      | |_| | | |_|  _  | |_| | |_) |  / ___ \ (__| |_| | (_) | | | \__ \     |
[2025-06-02 15:17:17Z INFO Terminal] WRITE LINE: |       \____|_|\__|_| |_|\__,_|_.__/  /_/   \_\___|\__|_|\___/|_| |_|___/     |
[2025-06-02 15:17:17Z INFO Terminal] WRITE LINE: |                                                                              |
[2025-06-02 15:17:17Z INFO Terminal] WRITE: |                       
[2025-06-02 15:17:17Z INFO Terminal] WRITE: Self-hosted runner registration
[2025-06-02 15:17:17Z INFO Terminal] WRITE LINE:                         |
[2025-06-02 15:17:17Z INFO Terminal] WRITE LINE: |                                                                              |
[2025-06-02 15:17:17Z INFO Terminal] WRITE LINE: --------------------------------------------------------------------------------
[2025-06-02 15:17:17Z INFO ConfigurationManager] ConfigureAsync
[2025-06-02 15:17:17Z INFO CommandSettings] Flag 'generateServiceConfig': 'False'
[2025-06-02 15:17:17Z INFO ConfigurationStore] IsConfigured()
[2025-06-02 15:17:17Z INFO ConfigurationStore] IsConfigured: False
[2025-06-02 15:17:17Z INFO ConfigurationManager] Is configured: False
[2025-06-02 15:17:17Z INFO CommandSettings] Arg 'url': 'https://github.com/Okumraymond/cipipelinewithgithubactions'
[2025-06-02 15:17:17Z INFO CommandSettings] Remove url from Arg dictionary.
[2025-06-02 15:17:17Z INFO CommandSettings] Arg 'token': '***'
[2025-06-02 15:17:17Z INFO CommandSettings] Remove token from Arg dictionary.
[2025-06-02 15:17:25Z INFO ConfigurationManager] Http response code: OK from 'POST https://api.github.com/actions/runner-registration' (A3E8:279FC:21813A8:2236DFF:683DC081)
[2025-06-02 15:17:25Z INFO ConfigurationManager] Using V2 flow: False
[2025-06-02 15:17:25Z INFO ConfigurationManager] cred retrieved via GitHub auth
[2025-06-02 15:17:25Z INFO RunnerServer] EstablishVssConnection
[2025-06-02 15:17:25Z INFO RunnerServer] Establish connection with 100 seconds timeout.
[2025-06-02 15:17:25Z INFO GitHubActionsService] Starting operation Location.GetConnectionData
[2025-06-02 15:17:25Z INFO RunnerServer] EstablishVssConnection
[2025-06-02 15:17:25Z INFO RunnerServer] Establish connection with 60 seconds timeout.
[2025-06-02 15:17:25Z INFO GitHubActionsService] Starting operation Location.GetConnectionData
[2025-06-02 15:17:25Z INFO RunnerServer] EstablishVssConnection
[2025-06-02 15:17:25Z INFO RunnerServer] Establish connection with 60 seconds timeout.
[2025-06-02 15:17:25Z INFO GitHubActionsService] Starting operation Location.GetConnectionData
[2025-06-02 15:17:32Z INFO GitHubActionsService] Finished operation Location.GetConnectionData
[2025-06-02 15:17:32Z INFO GitHubActionsService] Finished operation Location.GetConnectionData
[2025-06-02 15:17:32Z INFO GitHubActionsService] Finished operation Location.GetConnectionData
[2025-06-02 15:17:32Z INFO Terminal] WRITE LINE: 
[2025-06-02 15:17:32Z INFO ConfigurationManager] Test Connection complete.
[2025-06-02 15:17:32Z INFO HostContext] Well known directory 'Bin': '/Users/admin/Documents/Project/cicdpipeline/code/actions-runner/bin'
[2025-06-02 15:17:32Z INFO HostContext] Well known directory 'Root': '/Users/admin/Documents/Project/cicdpipeline/code/actions-runner'
[2025-06-02 15:17:32Z INFO HostContext] Well known config file 'RSACredentials': '/Users/admin/Documents/Project/cicdpipeline/code/actions-runner/.credentials_rsaparams'
[2025-06-02 15:17:32Z INFO RSAFileKeyManager] Found existing RSA key parameters file /Users/admin/Documents/Project/cicdpipeline/code/actions-runner/.credentials_rsaparams
[2025-06-02 15:17:34Z INFO CommandSettings] Arg 'runnergroup': ''
[2025-06-02 15:17:34Z INFO CommandSettings] Flag 'unattended': 'False'
[2025-06-02 15:17:34Z INFO PromptManager] ReadValue
[2025-06-02 15:17:34Z INFO Terminal] WRITE: Enter the name of the runner group to add this runner to: 
[2025-06-02 15:17:34Z INFO Terminal] WRITE: [press Enter for Default] 
[2025-06-02 15:17:34Z INFO Terminal] READ LINE
[2025-06-02 15:17:34Z INFO Terminal] Read value: ''
[2025-06-02 15:17:34Z INFO PromptManager] Falling back to the default: 'Default'
[2025-06-02 15:17:34Z INFO Terminal] WRITE LINE: 
[2025-06-02 15:17:34Z INFO ConfigurationManager] Found a self-hosted runner group with id 1 and name Default
[2025-06-02 15:17:34Z INFO CommandSettings] Flag 'disableupdate': 'False'
[2025-06-02 15:17:34Z INFO CommandSettings] Flag 'ephemeral': 'False'
[2025-06-02 15:17:34Z INFO CommandSettings] Arg 'name': ''
[2025-06-02 15:17:34Z INFO CommandSettings] Flag 'unattended': 'False'
[2025-06-02 15:17:34Z INFO PromptManager] ReadValue
[2025-06-02 15:17:34Z INFO Terminal] WRITE: Enter the name of runner: 
[2025-06-02 15:17:34Z INFO Terminal] WRITE: [press Enter for Admins-MacBook-Pro] 
[2025-06-02 15:17:34Z INFO Terminal] READ LINE
[2025-06-02 15:17:43Z INFO Terminal] Read value: ''
[2025-06-02 15:17:43Z INFO PromptManager] Falling back to the default: 'Admins-MacBook-Pro'
[2025-06-02 15:17:43Z INFO Terminal] WRITE LINE: 
[2025-06-02 15:17:43Z INFO CommandSettings] Arg 'labels': ''
[2025-06-02 15:17:43Z INFO CommandSettings] Flag 'unattended': 'False'
[2025-06-02 15:17:43Z INFO PromptManager] ReadValue
[2025-06-02 15:17:43Z INFO Terminal] WRITE: This runner will have the following labels: 'self-hosted', 'macOS', 'X64' 
Enter any additional labels (ex. label-1,label-2): 
[2025-06-02 15:17:43Z INFO Terminal] WRITE: [press Enter to skip] 
[2025-06-02 15:17:43Z INFO Terminal] READ LINE
[2025-06-02 15:17:53Z INFO Terminal] Read value: 'admin'
[2025-06-02 15:17:53Z INFO Terminal] WRITE LINE: 
[2025-06-02 15:17:53Z INFO CommandSettings] Flag 'disableupdate': 'False'
[2025-06-02 15:17:53Z INFO CommandSettings] Flag 'no-default-labels': 'False'
[2025-06-02 15:17:55Z INFO CommandSettings] Flag 'disableupdate': 'False'
[2025-06-02 15:17:55Z INFO CommandSettings] Flag 'ephemeral': 'False'
[2025-06-02 15:17:55Z INFO ConfigurationStore] Saving OAuth credential @ /Users/admin/Documents/Project/cicdpipeline/code/actions-runner/.credentials
[2025-06-02 15:17:55Z INFO ConfigurationStore] Credentials Saved.
[2025-06-02 15:17:55Z INFO ConfigurationStore] HasCredentials()
[2025-06-02 15:17:55Z INFO ConfigurationStore] stored True
[2025-06-02 15:17:55Z INFO CredentialManager] GetCredentialProvider
[2025-06-02 15:17:55Z INFO CredentialManager] Creating type OAuth
[2025-06-02 15:17:55Z INFO CredentialManager] Creating credential type: OAuth
[2025-06-02 15:17:55Z INFO RSAFileKeyManager] Loading RSA key parameters from file /Users/admin/Documents/Project/cicdpipeline/code/actions-runner/.credentials_rsaparams
[2025-06-02 15:17:55Z INFO RunnerServer] EstablishVssConnection
[2025-06-02 15:17:55Z INFO RunnerServer] Establish connection with 100 seconds timeout.
[2025-06-02 15:17:55Z INFO GitHubActionsService] Starting operation Location.GetConnectionData
[2025-06-02 15:17:55Z INFO RunnerServer] EstablishVssConnection
[2025-06-02 15:17:55Z INFO RunnerServer] Establish connection with 60 seconds timeout.
[2025-06-02 15:17:55Z INFO GitHubActionsService] Starting operation Location.GetConnectionData
[2025-06-02 15:17:55Z INFO RunnerServer] EstablishVssConnection
[2025-06-02 15:17:55Z INFO RunnerServer] Establish connection with 60 seconds timeout.
[2025-06-02 15:17:55Z INFO GitHubActionsService] Starting operation Location.GetConnectionData
[2025-06-02 15:17:59Z INFO GitHubActionsService] Finished operation Location.GetConnectionData
[2025-06-02 15:17:59Z INFO GitHubActionsService] Finished operation Location.GetConnectionData
[2025-06-02 15:17:59Z INFO GitHubActionsService] Finished operation Location.GetConnectionData
[2025-06-02 15:18:00Z INFO RSAFileKeyManager] Loading RSA key parameters from file /Users/admin/Documents/Project/cicdpipeline/code/actions-runner/.credentials_rsaparams
[2025-06-02 15:18:00Z INFO RSAFileKeyManager] Loading RSA key parameters from file /Users/admin/Documents/Project/cicdpipeline/code/actions-runner/.credentials_rsaparams
[2025-06-02 15:18:14Z INFO GitHubActionsService] AAD Correlation ID for this token request: Unknown
[2025-06-02 15:18:14Z WARN GitHubActionsService] Retrieving an AAD auth token took a long time (13.4432725 seconds)
[2025-06-02 15:18:15Z INFO CommandSettings] Arg 'work': ''
[2025-06-02 15:18:15Z INFO CommandSettings] Flag 'unattended': 'False'
[2025-06-02 15:18:15Z INFO PromptManager] ReadValue
[2025-06-02 15:18:15Z INFO Terminal] WRITE: Enter name of work folder: 
[2025-06-02 15:18:15Z INFO Terminal] WRITE: [press Enter for _work] 
[2025-06-02 15:18:15Z INFO Terminal] READ LINE
[2025-06-02 15:18:29Z INFO Terminal] Read value: ''
[2025-06-02 15:18:29Z INFO PromptManager] Falling back to the default: '_work'
[2025-06-02 15:18:29Z INFO ConfigurationStore] Saving runner settings.
[2025-06-02 15:18:29Z INFO ConfigurationStore] Settings Saved.
[2025-06-02 15:18:29Z INFO Terminal] WRITE LINE: 
[2025-06-02 15:18:29Z INFO Terminal] WRITE LINE: 
[2025-06-02 15:18:29Z INFO OsxServiceControlManager] Service name 'actions.runner.Okumraymond-cipipelinewithgithubactions.Admins-MacBook-Pro' display name 'GitHub Actions Runner (Okumraymond-cipipelinewithgithubactions.Admins-MacBook-Pro)' will be used for service configuration.
[2025-06-02 15:18:29Z INFO HostContext] Well known directory 'Bin': '/Users/admin/Documents/Project/cicdpipeline/code/actions-runner/bin'
[2025-06-02 15:18:29Z INFO HostContext] Well known directory 'Root': '/Users/admin/Documents/Project/cicdpipeline/code/actions-runner'
[2025-06-02 15:18:29Z INFO HostContext] Well known directory 'Bin': '/Users/admin/Documents/Project/cicdpipeline/code/actions-runner/bin'
[2025-06-02 15:18:29Z INFO HostContext] Well known directory 'Bin': '/Users/admin/Documents/Project/cicdpipeline/code/actions-runner/bin'
[2025-06-02 15:18:29Z INFO HostContext] Well known directory 'Root': '/Users/admin/Documents/Project/cicdpipeline/code/actions-runner'
[2025-06-02 15:18:29Z INFO UnixUtil] Which2: 'chmod'
[2025-06-02 15:18:29Z INFO UnixUtil] Location: '/bin/chmod'
[2025-06-02 15:18:29Z INFO UnixUtil] Running /bin/chmod 755 "/Users/admin/Documents/Project/cicdpipeline/code/actions-runner/svc.sh"
[2025-06-02 15:18:29Z INFO ProcessInvokerWrapper] Starting process:
[2025-06-02 15:18:29Z INFO ProcessInvokerWrapper]   File name: '/bin/chmod'
[2025-06-02 15:18:29Z INFO ProcessInvokerWrapper]   Arguments: '755 "/Users/admin/Documents/Project/cicdpipeline/code/actions-runner/svc.sh"'
[2025-06-02 15:18:29Z INFO ProcessInvokerWrapper]   Working directory: '/Users/admin/Documents/Project/cicdpipeline/code/actions-runner'
[2025-06-02 15:18:29Z INFO ProcessInvokerWrapper]   Require exit code zero: 'True'
[2025-06-02 15:18:29Z INFO ProcessInvokerWrapper]   Encoding web name:  ; code page: ''
[2025-06-02 15:18:29Z INFO ProcessInvokerWrapper]   Force kill process on cancellation: 'False'
[2025-06-02 15:18:29Z INFO ProcessInvokerWrapper]   Redirected STDIN: 'False'
[2025-06-02 15:18:29Z INFO ProcessInvokerWrapper]   Persist current code page: 'False'
[2025-06-02 15:18:29Z INFO ProcessInvokerWrapper]   Keep redirected STDIN open: 'False'
[2025-06-02 15:18:29Z INFO ProcessInvokerWrapper]   High priority process: 'False'
[2025-06-02 15:18:29Z INFO ProcessInvokerWrapper] Process started with process id 23053, waiting for process exit.
[2025-06-02 15:18:29Z INFO ProcessInvokerWrapper] STDOUT/STDERR stream read finished.
[2025-06-02 15:18:29Z INFO ProcessInvokerWrapper] STDOUT/STDERR stream read finished.
[2025-06-02 15:18:29Z INFO ProcessInvokerWrapper] Finished process 23053 with exit code 0, and elapsed time 00:00:00.0174853.
[2025-06-02 15:18:29Z INFO Listener] Runner execution has finished with return code 0
